<?xml version="1.0" encoding="UTF-8"?>
<testng-results skipped="0" failed="3" ignored="0" total="17" passed="14">
  <reporter-output>
  </reporter-output>
  <suite name="Suite" duration-ms="442400" started-at="2020-08-17T08:29:56Z" finished-at="2020-08-17T08:37:18Z">
    <groups>
    </groups>
    <test name="Testclasess" duration-ms="442400" started-at="2020-08-17T08:29:56Z" finished-at="2020-08-17T08:37:18Z">
      <class name="com.amc.Testclasess.execute.MPEpisodeVersionTest">
        <test-method status="PASS" signature="MPEpisodeVersionIntegrationTest()[pri:0, instance:com.amc.Testclasess.execute.MPEpisodeVersionTest@fd6784a]" name="MPEpisodeVersionIntegrationTest" duration-ms="114258" started-at="2020-08-17T08:35:24Z" finished-at="2020-08-17T08:37:18Z">
          <reporter-output>
          </reporter-output>
        </test-method> <!-- MPEpisodeVersionIntegrationTest -->
      </class> <!-- com.amc.Testclasess.execute.MPEpisodeVersionTest -->
      <class name="com.amc.Testclasess.execute.WOP_MPComparisionTest">
        <test-method status="PASS" signature="ValidateProductionModeTest()[pri:1, instance:com.amc.Testclasess.execute.WOP_MPComparisionTest@272ee84a]" name="ValidateProductionModeTest" duration-ms="20" started-at="2020-08-17T08:37:18Z" finished-at="2020-08-17T08:37:18Z">
          <reporter-output>
          </reporter-output>
        </test-method> <!-- ValidateProductionModeTest -->
        <test-method status="FAIL" signature="ValidateExpectedDurationTest()[pri:2, instance:com.amc.Testclasess.execute.WOP_MPComparisionTest@272ee84a]" name="ValidateExpectedDurationTest" duration-ms="4" started-at="2020-08-17T08:37:18Z" finished-at="2020-08-17T08:37:18Z">
          <exception class="java.lang.AssertionError">
            <message>
              <![CDATA[The following asserts failed:
ExpectedDuration:30:00 --- Not Matched with --- [AssetSource:Original, Distributor:"Film Garden Entertainment, Inc. 1", Title:Platinum Weddings: 04-006: Jaimie & Gregg, AMCNID:RLA169547.2, ShowType:Series, ProductionMode:Unscripted, Origin:Owned, SecurityStatus:Open, EditRestricted:Non Restricted (NR), EpisodeVersionType:Open, Ownernetwork:Open, Supplier:Miramax, EpisodeNumber:04-006, AiringOrder:402, ExpectedDuration:00:30:00]]]>
            </message>
            <full-stacktrace>
              <![CDATA[java.lang.AssertionError: The following asserts failed:
ExpectedDuration:30:00 --- Not Matched with --- [AssetSource:Original, Distributor:"Film Garden Entertainment, Inc. 1", Title:Platinum Weddings: 04-006: Jaimie & Gregg, AMCNID:RLA169547.2, ShowType:Series, ProductionMode:Unscripted, Origin:Owned, SecurityStatus:Open, EditRestricted:Non Restricted (NR), EpisodeVersionType:Open, Ownernetwork:Open, Supplier:Miramax, EpisodeNumber:04-006, AiringOrder:402, ExpectedDuration:00:30:00]
at org.testng.asserts.SoftAssert.assertAll(SoftAssert.java:43)
at com.amc.txrepo.WOP_MP_Comparision.WOPtoMPDataComparisions(WOP_MP_Comparision.java:82)
at com.amc.Testclasess.execute.WOP_MPComparisionTest.ValidateExpectedDurationTest(WOP_MPComparisionTest.java:36)
at sun.reflect.NativeMethodAccessorImpl.invoke0(Native Method)
at sun.reflect.NativeMethodAccessorImpl.invoke(NativeMethodAccessorImpl.java:62)
at sun.reflect.DelegatingMethodAccessorImpl.invoke(DelegatingMethodAccessorImpl.java:43)
at java.lang.reflect.Method.invoke(Method.java:498)
at org.testng.internal.MethodInvocationHelper.invokeMethod(MethodInvocationHelper.java:124)
at org.testng.internal.Invoker.invokeMethod(Invoker.java:583)
at org.testng.internal.Invoker.invokeTestMethod(Invoker.java:719)
at org.testng.internal.Invoker.invokeTestMethods(Invoker.java:989)
at org.testng.internal.TestMethodWorker.invokeTestMethods(TestMethodWorker.java:125)
at org.testng.internal.TestMethodWorker.run(TestMethodWorker.java:109)
at org.testng.TestRunner.privateRun(TestRunner.java:648)
at org.testng.TestRunner.run(TestRunner.java:505)
at org.testng.SuiteRunner.runTest(SuiteRunner.java:455)
at org.testng.SuiteRunner.runSequentially(SuiteRunner.java:450)
at org.testng.SuiteRunner.privateRun(SuiteRunner.java:415)
at org.testng.SuiteRunner.run(SuiteRunner.java:364)
at org.testng.SuiteRunnerWorker.runSuite(SuiteRunnerWorker.java:52)
at org.testng.SuiteRunnerWorker.run(SuiteRunnerWorker.java:84)
at org.testng.TestNG.runSuitesSequentially(TestNG.java:1208)
at org.testng.TestNG.runSuitesLocally(TestNG.java:1137)
at org.testng.TestNG.runSuites(TestNG.java:1049)
at org.testng.TestNG.run(TestNG.java:1017)
at com.amc.testcases.DynamicTestNG.runTestNGTest(DynamicTestNG.java:87)
at com.amc.testcases.DynamicTestNG.ExecuteScripts(DynamicTestNG.java:97)
at sun.reflect.NativeMethodAccessorImpl.invoke0(Native Method)
at sun.reflect.NativeMethodAccessorImpl.invoke(NativeMethodAccessorImpl.java:62)
at sun.reflect.DelegatingMethodAccessorImpl.invoke(DelegatingMethodAccessorImpl.java:43)
at java.lang.reflect.Method.invoke(Method.java:498)
at org.testng.internal.MethodInvocationHelper.invokeMethod(MethodInvocationHelper.java:124)
at org.testng.internal.Invoker.invokeMethod(Invoker.java:583)
at org.testng.internal.Invoker.invokeTestMethod(Invoker.java:719)
at org.testng.internal.Invoker.invokeTestMethods(Invoker.java:989)
at org.testng.internal.TestMethodWorker.invokeTestMethods(TestMethodWorker.java:125)
at org.testng.internal.TestMethodWorker.run(TestMethodWorker.java:109)
at org.testng.TestRunner.privateRun(TestRunner.java:648)
at org.testng.TestRunner.run(TestRunner.java:505)
at org.testng.SuiteRunner.runTest(SuiteRunner.java:455)
at org.testng.SuiteRunner.runSequentially(SuiteRunner.java:450)
at org.testng.SuiteRunner.privateRun(SuiteRunner.java:415)
at org.testng.SuiteRunner.run(SuiteRunner.java:364)
at org.testng.SuiteRunnerWorker.runSuite(SuiteRunnerWorker.java:52)
at org.testng.SuiteRunnerWorker.run(SuiteRunnerWorker.java:84)
at org.testng.TestNG.runSuitesSequentially(TestNG.java:1208)
at org.testng.TestNG.runSuitesLocally(TestNG.java:1137)
at org.testng.TestNG.runSuites(TestNG.java:1049)
at org.testng.TestNG.run(TestNG.java:1017)
at org.apache.maven.surefire.testng.TestNGExecutor.run(TestNGExecutor.java:178)
at org.apache.maven.surefire.testng.TestNGXmlTestSuite.execute(TestNGXmlTestSuite.java:92)
at org.apache.maven.surefire.testng.TestNGProvider.invoke(TestNGProvider.java:96)
at sun.reflect.NativeMethodAccessorImpl.invoke0(Native Method)
at sun.reflect.NativeMethodAccessorImpl.invoke(NativeMethodAccessorImpl.java:62)
at sun.reflect.DelegatingMethodAccessorImpl.invoke(DelegatingMethodAccessorImpl.java:43)
at java.lang.reflect.Method.invoke(Method.java:498)
at org.apache.maven.surefire.util.ReflectionUtils.invokeMethodWithArray2(ReflectionUtils.java:208)
at org.apache.maven.surefire.booter.ProviderFactory$ProviderProxy.invoke(ProviderFactory.java:159)
at org.apache.maven.surefire.booter.ProviderFactory.invokeProvider(ProviderFactory.java:87)
at org.apache.maven.surefire.booter.ForkedBooter.runSuitesInProcess(ForkedBooter.java:153)
at org.apache.maven.surefire.booter.ForkedBooter.main(ForkedBooter.java:95)
]]>
            </full-stacktrace>
          </exception> <!-- java.lang.AssertionError -->
          <reporter-output>
          </reporter-output>
        </test-method> <!-- ValidateExpectedDurationTest -->
        <test-method status="PASS" signature="ValidateAssetSourceTest()[pri:3, instance:com.amc.Testclasess.execute.WOP_MPComparisionTest@272ee84a]" name="ValidateAssetSourceTest" duration-ms="2" started-at="2020-08-17T08:37:18Z" finished-at="2020-08-17T08:37:18Z">
          <reporter-output>
          </reporter-output>
        </test-method> <!-- ValidateAssetSourceTest -->
        <test-method status="PASS" signature="ValidateEpisodeNumberTest()[pri:4, instance:com.amc.Testclasess.execute.WOP_MPComparisionTest@272ee84a]" name="ValidateEpisodeNumberTest" duration-ms="2" started-at="2020-08-17T08:37:18Z" finished-at="2020-08-17T08:37:18Z">
          <reporter-output>
          </reporter-output>
        </test-method> <!-- ValidateEpisodeNumberTest -->
        <test-method status="PASS" signature="ValidateAiringOrderTest()[pri:5, instance:com.amc.Testclasess.execute.WOP_MPComparisionTest@272ee84a]" name="ValidateAiringOrderTest" duration-ms="2" started-at="2020-08-17T08:37:18Z" finished-at="2020-08-17T08:37:18Z">
          <reporter-output>
          </reporter-output>
        </test-method> <!-- ValidateAiringOrderTest -->
        <test-method status="PASS" signature="ValidateShowTypeTest()[pri:6, instance:com.amc.Testclasess.execute.WOP_MPComparisionTest@272ee84a]" name="ValidateShowTypeTest" duration-ms="3" started-at="2020-08-17T08:37:18Z" finished-at="2020-08-17T08:37:18Z">
          <reporter-output>
          </reporter-output>
        </test-method> <!-- ValidateShowTypeTest -->
        <test-method status="PASS" signature="ValidateDistributorTest()[pri:7, instance:com.amc.Testclasess.execute.WOP_MPComparisionTest@272ee84a]" name="ValidateDistributorTest" duration-ms="2" started-at="2020-08-17T08:37:18Z" finished-at="2020-08-17T08:37:18Z">
          <reporter-output>
          </reporter-output>
        </test-method> <!-- ValidateDistributorTest -->
        <test-method status="PASS" signature="ValidateSecurityStatusTest()[pri:8, instance:com.amc.Testclasess.execute.WOP_MPComparisionTest@272ee84a]" name="ValidateSecurityStatusTest" duration-ms="2" started-at="2020-08-17T08:37:18Z" finished-at="2020-08-17T08:37:18Z">
          <reporter-output>
          </reporter-output>
        </test-method> <!-- ValidateSecurityStatusTest -->
        <test-method status="PASS" signature="ValidateEditRestrictedTest()[pri:9, instance:com.amc.Testclasess.execute.WOP_MPComparisionTest@272ee84a]" name="ValidateEditRestrictedTest" duration-ms="2" started-at="2020-08-17T08:37:18Z" finished-at="2020-08-17T08:37:18Z">
          <reporter-output>
          </reporter-output>
        </test-method> <!-- ValidateEditRestrictedTest -->
        <test-method status="FAIL" signature="ValidateOwnernetworkTest()[pri:10, instance:com.amc.Testclasess.execute.WOP_MPComparisionTest@272ee84a]" name="ValidateOwnernetworkTest" duration-ms="2" started-at="2020-08-17T08:37:18Z" finished-at="2020-08-17T08:37:18Z">
          <exception class="java.lang.AssertionError">
            <message>
              <![CDATA[The following asserts failed:
Ownernetwork:WE --- Not Matched with --- [AssetSource:Original, Distributor:"Film Garden Entertainment, Inc. 1", Title:Platinum Weddings: 04-006: Jaimie & Gregg, AMCNID:RLA169547.2, ShowType:Series, ProductionMode:Unscripted, Origin:Owned, SecurityStatus:Open, EditRestricted:Non Restricted (NR), EpisodeVersionType:Open, Ownernetwork:Open, Supplier:Miramax, EpisodeNumber:04-006, AiringOrder:402, ExpectedDuration:00:30:00]]]>
            </message>
            <full-stacktrace>
              <![CDATA[java.lang.AssertionError: The following asserts failed:
Ownernetwork:WE --- Not Matched with --- [AssetSource:Original, Distributor:"Film Garden Entertainment, Inc. 1", Title:Platinum Weddings: 04-006: Jaimie & Gregg, AMCNID:RLA169547.2, ShowType:Series, ProductionMode:Unscripted, Origin:Owned, SecurityStatus:Open, EditRestricted:Non Restricted (NR), EpisodeVersionType:Open, Ownernetwork:Open, Supplier:Miramax, EpisodeNumber:04-006, AiringOrder:402, ExpectedDuration:00:30:00]
at org.testng.asserts.SoftAssert.assertAll(SoftAssert.java:43)
at com.amc.txrepo.WOP_MP_Comparision.WOPtoMPDataComparisions(WOP_MP_Comparision.java:82)
at com.amc.Testclasess.execute.WOP_MPComparisionTest.ValidateOwnernetworkTest(WOP_MPComparisionTest.java:144)
at sun.reflect.NativeMethodAccessorImpl.invoke0(Native Method)
at sun.reflect.NativeMethodAccessorImpl.invoke(NativeMethodAccessorImpl.java:62)
at sun.reflect.DelegatingMethodAccessorImpl.invoke(DelegatingMethodAccessorImpl.java:43)
at java.lang.reflect.Method.invoke(Method.java:498)
at org.testng.internal.MethodInvocationHelper.invokeMethod(MethodInvocationHelper.java:124)
at org.testng.internal.Invoker.invokeMethod(Invoker.java:583)
at org.testng.internal.Invoker.invokeTestMethod(Invoker.java:719)
at org.testng.internal.Invoker.invokeTestMethods(Invoker.java:989)
at org.testng.internal.TestMethodWorker.invokeTestMethods(TestMethodWorker.java:125)
at org.testng.internal.TestMethodWorker.run(TestMethodWorker.java:109)
at org.testng.TestRunner.privateRun(TestRunner.java:648)
at org.testng.TestRunner.run(TestRunner.java:505)
at org.testng.SuiteRunner.runTest(SuiteRunner.java:455)
at org.testng.SuiteRunner.runSequentially(SuiteRunner.java:450)
at org.testng.SuiteRunner.privateRun(SuiteRunner.java:415)
at org.testng.SuiteRunner.run(SuiteRunner.java:364)
at org.testng.SuiteRunnerWorker.runSuite(SuiteRunnerWorker.java:52)
at org.testng.SuiteRunnerWorker.run(SuiteRunnerWorker.java:84)
at org.testng.TestNG.runSuitesSequentially(TestNG.java:1208)
at org.testng.TestNG.runSuitesLocally(TestNG.java:1137)
at org.testng.TestNG.runSuites(TestNG.java:1049)
at org.testng.TestNG.run(TestNG.java:1017)
at com.amc.testcases.DynamicTestNG.runTestNGTest(DynamicTestNG.java:87)
at com.amc.testcases.DynamicTestNG.ExecuteScripts(DynamicTestNG.java:97)
at sun.reflect.NativeMethodAccessorImpl.invoke0(Native Method)
at sun.reflect.NativeMethodAccessorImpl.invoke(NativeMethodAccessorImpl.java:62)
at sun.reflect.DelegatingMethodAccessorImpl.invoke(DelegatingMethodAccessorImpl.java:43)
at java.lang.reflect.Method.invoke(Method.java:498)
at org.testng.internal.MethodInvocationHelper.invokeMethod(MethodInvocationHelper.java:124)
at org.testng.internal.Invoker.invokeMethod(Invoker.java:583)
at org.testng.internal.Invoker.invokeTestMethod(Invoker.java:719)
at org.testng.internal.Invoker.invokeTestMethods(Invoker.java:989)
at org.testng.internal.TestMethodWorker.invokeTestMethods(TestMethodWorker.java:125)
at org.testng.internal.TestMethodWorker.run(TestMethodWorker.java:109)
at org.testng.TestRunner.privateRun(TestRunner.java:648)
at org.testng.TestRunner.run(TestRunner.java:505)
at org.testng.SuiteRunner.runTest(SuiteRunner.java:455)
at org.testng.SuiteRunner.runSequentially(SuiteRunner.java:450)
at org.testng.SuiteRunner.privateRun(SuiteRunner.java:415)
at org.testng.SuiteRunner.run(SuiteRunner.java:364)
at org.testng.SuiteRunnerWorker.runSuite(SuiteRunnerWorker.java:52)
at org.testng.SuiteRunnerWorker.run(SuiteRunnerWorker.java:84)
at org.testng.TestNG.runSuitesSequentially(TestNG.java:1208)
at org.testng.TestNG.runSuitesLocally(TestNG.java:1137)
at org.testng.TestNG.runSuites(TestNG.java:1049)
at org.testng.TestNG.run(TestNG.java:1017)
at org.apache.maven.surefire.testng.TestNGExecutor.run(TestNGExecutor.java:178)
at org.apache.maven.surefire.testng.TestNGXmlTestSuite.execute(TestNGXmlTestSuite.java:92)
at org.apache.maven.surefire.testng.TestNGProvider.invoke(TestNGProvider.java:96)
at sun.reflect.NativeMethodAccessorImpl.invoke0(Native Method)
at sun.reflect.NativeMethodAccessorImpl.invoke(NativeMethodAccessorImpl.java:62)
at sun.reflect.DelegatingMethodAccessorImpl.invoke(DelegatingMethodAccessorImpl.java:43)
at java.lang.reflect.Method.invoke(Method.java:498)
at org.apache.maven.surefire.util.ReflectionUtils.invokeMethodWithArray2(ReflectionUtils.java:208)
at org.apache.maven.surefire.booter.ProviderFactory$ProviderProxy.invoke(ProviderFactory.java:159)
at org.apache.maven.surefire.booter.ProviderFactory.invokeProvider(ProviderFactory.java:87)
at org.apache.maven.surefire.booter.ForkedBooter.runSuitesInProcess(ForkedBooter.java:153)
at org.apache.maven.surefire.booter.ForkedBooter.main(ForkedBooter.java:95)
]]>
            </full-stacktrace>
          </exception> <!-- java.lang.AssertionError -->
          <reporter-output>
          </reporter-output>
        </test-method> <!-- ValidateOwnernetworkTest -->
        <test-method status="PASS" signature="ValidateOriginTest()[pri:11, instance:com.amc.Testclasess.execute.WOP_MPComparisionTest@272ee84a]" name="ValidateOriginTest" duration-ms="1" started-at="2020-08-17T08:37:18Z" finished-at="2020-08-17T08:37:18Z">
          <reporter-output>
          </reporter-output>
        </test-method> <!-- ValidateOriginTest -->
        <test-method status="PASS" signature="ValidateTitleTest()[pri:12, instance:com.amc.Testclasess.execute.WOP_MPComparisionTest@272ee84a]" name="ValidateTitleTest" duration-ms="1" started-at="2020-08-17T08:37:18Z" finished-at="2020-08-17T08:37:18Z">
          <reporter-output>
          </reporter-output>
        </test-method> <!-- ValidateTitleTest -->
        <test-method status="FAIL" signature="ValidateEpisodeVersionTypeTest()[pri:13, instance:com.amc.Testclasess.execute.WOP_MPComparisionTest@272ee84a]" name="ValidateEpisodeVersionTypeTest" duration-ms="3" started-at="2020-08-17T08:37:18Z" finished-at="2020-08-17T08:37:18Z">
          <exception class="java.lang.AssertionError">
            <message>
              <![CDATA[The following asserts failed:
EpisodeVersionType:Platinum Weddings: 04-006: Jaimie & Gregg --- Not Matched with --- [AssetSource:Original, Distributor:"Film Garden Entertainment, Inc. 1", Title:Platinum Weddings: 04-006: Jaimie & Gregg, AMCNID:RLA169547.2, ShowType:Series, ProductionMode:Unscripted, Origin:Owned, SecurityStatus:Open, EditRestricted:Non Restricted (NR), EpisodeVersionType:Open, Ownernetwork:Open, Supplier:Miramax, EpisodeNumber:04-006, AiringOrder:402, ExpectedDuration:00:30:00]]]>
            </message>
            <full-stacktrace>
              <![CDATA[java.lang.AssertionError: The following asserts failed:
EpisodeVersionType:Platinum Weddings: 04-006: Jaimie & Gregg --- Not Matched with --- [AssetSource:Original, Distributor:"Film Garden Entertainment, Inc. 1", Title:Platinum Weddings: 04-006: Jaimie & Gregg, AMCNID:RLA169547.2, ShowType:Series, ProductionMode:Unscripted, Origin:Owned, SecurityStatus:Open, EditRestricted:Non Restricted (NR), EpisodeVersionType:Open, Ownernetwork:Open, Supplier:Miramax, EpisodeNumber:04-006, AiringOrder:402, ExpectedDuration:00:30:00]
at org.testng.asserts.SoftAssert.assertAll(SoftAssert.java:43)
at com.amc.txrepo.WOP_MP_Comparision.WOPtoMPDataComparisions(WOP_MP_Comparision.java:82)
at com.amc.Testclasess.execute.WOP_MPComparisionTest.ValidateEpisodeVersionTypeTest(WOP_MPComparisionTest.java:183)
at sun.reflect.NativeMethodAccessorImpl.invoke0(Native Method)
at sun.reflect.NativeMethodAccessorImpl.invoke(NativeMethodAccessorImpl.java:62)
at sun.reflect.DelegatingMethodAccessorImpl.invoke(DelegatingMethodAccessorImpl.java:43)
at java.lang.reflect.Method.invoke(Method.java:498)
at org.testng.internal.MethodInvocationHelper.invokeMethod(MethodInvocationHelper.java:124)
at org.testng.internal.Invoker.invokeMethod(Invoker.java:583)
at org.testng.internal.Invoker.invokeTestMethod(Invoker.java:719)
at org.testng.internal.Invoker.invokeTestMethods(Invoker.java:989)
at org.testng.internal.TestMethodWorker.invokeTestMethods(TestMethodWorker.java:125)
at org.testng.internal.TestMethodWorker.run(TestMethodWorker.java:109)
at org.testng.TestRunner.privateRun(TestRunner.java:648)
at org.testng.TestRunner.run(TestRunner.java:505)
at org.testng.SuiteRunner.runTest(SuiteRunner.java:455)
at org.testng.SuiteRunner.runSequentially(SuiteRunner.java:450)
at org.testng.SuiteRunner.privateRun(SuiteRunner.java:415)
at org.testng.SuiteRunner.run(SuiteRunner.java:364)
at org.testng.SuiteRunnerWorker.runSuite(SuiteRunnerWorker.java:52)
at org.testng.SuiteRunnerWorker.run(SuiteRunnerWorker.java:84)
at org.testng.TestNG.runSuitesSequentially(TestNG.java:1208)
at org.testng.TestNG.runSuitesLocally(TestNG.java:1137)
at org.testng.TestNG.runSuites(TestNG.java:1049)
at org.testng.TestNG.run(TestNG.java:1017)
at com.amc.testcases.DynamicTestNG.runTestNGTest(DynamicTestNG.java:87)
at com.amc.testcases.DynamicTestNG.ExecuteScripts(DynamicTestNG.java:97)
at sun.reflect.NativeMethodAccessorImpl.invoke0(Native Method)
at sun.reflect.NativeMethodAccessorImpl.invoke(NativeMethodAccessorImpl.java:62)
at sun.reflect.DelegatingMethodAccessorImpl.invoke(DelegatingMethodAccessorImpl.java:43)
at java.lang.reflect.Method.invoke(Method.java:498)
at org.testng.internal.MethodInvocationHelper.invokeMethod(MethodInvocationHelper.java:124)
at org.testng.internal.Invoker.invokeMethod(Invoker.java:583)
at org.testng.internal.Invoker.invokeTestMethod(Invoker.java:719)
at org.testng.internal.Invoker.invokeTestMethods(Invoker.java:989)
at org.testng.internal.TestMethodWorker.invokeTestMethods(TestMethodWorker.java:125)
at org.testng.internal.TestMethodWorker.run(TestMethodWorker.java:109)
at org.testng.TestRunner.privateRun(TestRunner.java:648)
at org.testng.TestRunner.run(TestRunner.java:505)
at org.testng.SuiteRunner.runTest(SuiteRunner.java:455)
at org.testng.SuiteRunner.runSequentially(SuiteRunner.java:450)
at org.testng.SuiteRunner.privateRun(SuiteRunner.java:415)
at org.testng.SuiteRunner.run(SuiteRunner.java:364)
at org.testng.SuiteRunnerWorker.runSuite(SuiteRunnerWorker.java:52)
at org.testng.SuiteRunnerWorker.run(SuiteRunnerWorker.java:84)
at org.testng.TestNG.runSuitesSequentially(TestNG.java:1208)
at org.testng.TestNG.runSuitesLocally(TestNG.java:1137)
at org.testng.TestNG.runSuites(TestNG.java:1049)
at org.testng.TestNG.run(TestNG.java:1017)
at org.apache.maven.surefire.testng.TestNGExecutor.run(TestNGExecutor.java:178)
at org.apache.maven.surefire.testng.TestNGXmlTestSuite.execute(TestNGXmlTestSuite.java:92)
at org.apache.maven.surefire.testng.TestNGProvider.invoke(TestNGProvider.java:96)
at sun.reflect.NativeMethodAccessorImpl.invoke0(Native Method)
at sun.reflect.NativeMethodAccessorImpl.invoke(NativeMethodAccessorImpl.java:62)
at sun.reflect.DelegatingMethodAccessorImpl.invoke(DelegatingMethodAccessorImpl.java:43)
at java.lang.reflect.Method.invoke(Method.java:498)
at org.apache.maven.surefire.util.ReflectionUtils.invokeMethodWithArray2(ReflectionUtils.java:208)
at org.apache.maven.surefire.booter.ProviderFactory$ProviderProxy.invoke(ProviderFactory.java:159)
at org.apache.maven.surefire.booter.ProviderFactory.invokeProvider(ProviderFactory.java:87)
at org.apache.maven.surefire.booter.ForkedBooter.runSuitesInProcess(ForkedBooter.java:153)
at org.apache.maven.surefire.booter.ForkedBooter.main(ForkedBooter.java:95)
]]>
            </full-stacktrace>
          </exception> <!-- java.lang.AssertionError -->
          <reporter-output>
          </reporter-output>
        </test-method> <!-- ValidateEpisodeVersionTypeTest -->
        <test-method status="PASS" signature="ValidateAMCNIDTest()[pri:14, instance:com.amc.Testclasess.execute.WOP_MPComparisionTest@272ee84a]" name="ValidateAMCNIDTest" duration-ms="3" started-at="2020-08-17T08:37:18Z" finished-at="2020-08-17T08:37:18Z">
          <reporter-output>
          </reporter-output>
        </test-method> <!-- ValidateAMCNIDTest -->
        <test-method status="PASS" signature="ValidateSupplierTest()[pri:15, instance:com.amc.Testclasess.execute.WOP_MPComparisionTest@272ee84a]" name="ValidateSupplierTest" duration-ms="2" started-at="2020-08-17T08:37:18Z" finished-at="2020-08-17T08:37:18Z">
          <reporter-output>
          </reporter-output>
        </test-method> <!-- ValidateSupplierTest -->
      </class> <!-- com.amc.Testclasess.execute.WOP_MPComparisionTest -->
      <class name="com.amc.Testclasess.execute.WOPEpisodeVersionTest">
        <test-method status="PASS" signature="wopEpisodeVersionCreation()[pri:0, instance:com.amc.Testclasess.execute.WOPEpisodeVersionTest@40e0213c]" name="wopEpisodeVersionCreation" duration-ms="328067" started-at="2020-08-17T08:29:56Z" finished-at="2020-08-17T08:35:24Z">
          <reporter-output>
          </reporter-output>
        </test-method> <!-- wopEpisodeVersionCreation -->
      </class> <!-- com.amc.Testclasess.execute.WOPEpisodeVersionTest -->
    </test> <!-- Testclasess -->
  </suite> <!-- Suite -->
</testng-results>
