<html>
<head>
<title>TestNG:  Testclasess</title>
<link href="../testng.css" rel="stylesheet" type="text/css" />
<link href="../my-testng.css" rel="stylesheet" type="text/css" />

<style type="text/css">
.log { display: none;} 
.stack-trace { display: none;} 
</style>
<script type="text/javascript">
<!--
function flip(e) {
  current = e.style.display;
  if (current == 'block') {
    e.style.display = 'none';
    return 0;
  }
  else {
    e.style.display = 'block';
    return 1;
  }
}

function toggleBox(szDivId, elem, msg1, msg2)
{
  var res = -1;  if (document.getElementById) {
    res = flip(document.getElementById(szDivId));
  }
  else if (document.all) {
    // this is the way old msie versions work
    res = flip(document.all[szDivId]);
  }
  if(elem) {
    if(res == 0) elem.innerHTML = msg1; else elem.innerHTML = msg2;
  }

}

function toggleAllBoxes() {
  if (document.getElementsByTagName) {
    d = document.getElementsByTagName('div');
    for (i = 0; i < d.length; i++) {
      if (d[i].className == 'log') {
        flip(d[i]);
      }
    }
  }
}

// -->
</script>

</head>
<body>
<h2 align='center'>Testclasess</h2><table border='1' align="center">
<tr>
<td>Tests passed/Failed/Skipped:</td><td>14/3/0</td>
</tr><tr>
<td>Started on:</td><td>Mon Aug 17 13:59:56 IST 2020</td>
</tr>
<tr><td>Total time:</td><td>442 seconds (442400 ms)</td>
</tr><tr>
<td>Included groups:</td><td></td>
</tr><tr>
<td>Excluded groups:</td><td></td>
</tr>
</table><p/>
<small><i>(Hover the method name to see the test class name)</i></small><p/>
<table width='100%' border='1' class='invocation-failed'>
<tr><td colspan='4' align='center'><b>FAILED TESTS</b></td></tr>
<tr><td><b>Test method</b></td>
<td width="30%"><b>Exception</b></td>
<td width="10%"><b>Time (seconds)</b></td>
<td><b>Instance</b></td>
</tr>
<tr>
<td title='com.amc.Testclasess.execute.WOP_MPComparisionTest.ValidateEpisodeVersionTypeTest()'><b>ValidateEpisodeVersionTypeTest</b><br>Test class: com.amc.Testclasess.execute.WOP_MPComparisionTest</td>
<td><div><pre>java.lang.AssertionError: The following asserts failed:
	EpisodeVersionType:Platinum Weddings: 04-006: Jaimie &amp; Gregg --- Not Matched with --- [AssetSource:Original, Distributor:&quot;Film Garden Entertainment, Inc. 1&quot;, Title:Platinum Weddings: 04-006: Jaimie &amp; Gregg, AMCNID:RLA169547.2, ShowType:Series, ProductionMode:Unscripted, Origin:Owned, SecurityStatus:Open, EditRestricted:Non Restricted (NR), EpisodeVersionType:Open, Ownernetwork:Open, Supplier:Miramax, EpisodeNumber:04-006, AiringOrder:402, ExpectedDuration:00:30:00]
	at com.amc.txrepo.WOP_MP_Comparision.WOPtoMPDataComparisions(WOP_MP_Comparision.java:82)
	at com.amc.Testclasess.execute.WOP_MPComparisionTest.ValidateEpisodeVersionTypeTest(WOP_MPComparisionTest.java:183)
	at com.amc.testcases.DynamicTestNG.runTestNGTest(DynamicTestNG.java:87)
	at com.amc.testcases.DynamicTestNG.ExecuteScripts(DynamicTestNG.java:97)
... Removed 57 stack frames</pre></div><a href='#' onClick='toggleBox("stack-trace696447467", this, "Click to show all stack frames", "Click to hide stack frames")'>Click to show all stack frames</a>
<div class='stack-trace' id='stack-trace696447467'><pre>java.lang.AssertionError: The following asserts failed:
	EpisodeVersionType:Platinum Weddings: 04-006: Jaimie &amp; Gregg --- Not Matched with --- [AssetSource:Original, Distributor:&quot;Film Garden Entertainment, Inc. 1&quot;, Title:Platinum Weddings: 04-006: Jaimie &amp; Gregg, AMCNID:RLA169547.2, ShowType:Series, ProductionMode:Unscripted, Origin:Owned, SecurityStatus:Open, EditRestricted:Non Restricted (NR), EpisodeVersionType:Open, Ownernetwork:Open, Supplier:Miramax, EpisodeNumber:04-006, AiringOrder:402, ExpectedDuration:00:30:00]
	at org.testng.asserts.SoftAssert.assertAll(SoftAssert.java:43)
	at com.amc.txrepo.WOP_MP_Comparision.WOPtoMPDataComparisions(WOP_MP_Comparision.java:82)
	at com.amc.Testclasess.execute.WOP_MPComparisionTest.ValidateEpisodeVersionTypeTest(WOP_MPComparisionTest.java:183)
	at sun.reflect.NativeMethodAccessorImpl.invoke0(Native Method)
	at sun.reflect.NativeMethodAccessorImpl.invoke(NativeMethodAccessorImpl.java:62)
	at sun.reflect.DelegatingMethodAccessorImpl.invoke(DelegatingMethodAccessorImpl.java:43)
	at java.lang.reflect.Method.invoke(Method.java:498)
	at org.testng.internal.MethodInvocationHelper.invokeMethod(MethodInvocationHelper.java:124)
	at org.testng.internal.Invoker.invokeMethod(Invoker.java:583)
	at org.testng.internal.Invoker.invokeTestMethod(Invoker.java:719)
	at org.testng.internal.Invoker.invokeTestMethods(Invoker.java:989)
	at org.testng.internal.TestMethodWorker.invokeTestMethods(TestMethodWorker.java:125)
	at org.testng.internal.TestMethodWorker.run(TestMethodWorker.java:109)
	at org.testng.TestRunner.privateRun(TestRunner.java:648)
	at org.testng.TestRunner.run(TestRunner.java:505)
	at org.testng.SuiteRunner.runTest(SuiteRunner.java:455)
	at org.testng.SuiteRunner.runSequentially(SuiteRunner.java:450)
	at org.testng.SuiteRunner.privateRun(SuiteRunner.java:415)
	at org.testng.SuiteRunner.run(SuiteRunner.java:364)
	at org.testng.SuiteRunnerWorker.runSuite(SuiteRunnerWorker.java:52)
	at org.testng.SuiteRunnerWorker.run(SuiteRunnerWorker.java:84)
	at org.testng.TestNG.runSuitesSequentially(TestNG.java:1208)
	at org.testng.TestNG.runSuitesLocally(TestNG.java:1137)
	at org.testng.TestNG.runSuites(TestNG.java:1049)
	at org.testng.TestNG.run(TestNG.java:1017)
	at com.amc.testcases.DynamicTestNG.runTestNGTest(DynamicTestNG.java:87)
	at com.amc.testcases.DynamicTestNG.ExecuteScripts(DynamicTestNG.java:97)
	at sun.reflect.NativeMethodAccessorImpl.invoke0(Native Method)
	at sun.reflect.NativeMethodAccessorImpl.invoke(NativeMethodAccessorImpl.java:62)
	at sun.reflect.DelegatingMethodAccessorImpl.invoke(DelegatingMethodAccessorImpl.java:43)
	at java.lang.reflect.Method.invoke(Method.java:498)
	at org.testng.internal.MethodInvocationHelper.invokeMethod(MethodInvocationHelper.java:124)
	at org.testng.internal.Invoker.invokeMethod(Invoker.java:583)
	at org.testng.internal.Invoker.invokeTestMethod(Invoker.java:719)
	at org.testng.internal.Invoker.invokeTestMethods(Invoker.java:989)
	at org.testng.internal.TestMethodWorker.invokeTestMethods(TestMethodWorker.java:125)
	at org.testng.internal.TestMethodWorker.run(TestMethodWorker.java:109)
	at org.testng.TestRunner.privateRun(TestRunner.java:648)
	at org.testng.TestRunner.run(TestRunner.java:505)
	at org.testng.SuiteRunner.runTest(SuiteRunner.java:455)
	at org.testng.SuiteRunner.runSequentially(SuiteRunner.java:450)
	at org.testng.SuiteRunner.privateRun(SuiteRunner.java:415)
	at org.testng.SuiteRunner.run(SuiteRunner.java:364)
	at org.testng.SuiteRunnerWorker.runSuite(SuiteRunnerWorker.java:52)
	at org.testng.SuiteRunnerWorker.run(SuiteRunnerWorker.java:84)
	at org.testng.TestNG.runSuitesSequentially(TestNG.java:1208)
	at org.testng.TestNG.runSuitesLocally(TestNG.java:1137)
	at org.testng.TestNG.runSuites(TestNG.java:1049)
	at org.testng.TestNG.run(TestNG.java:1017)
	at org.apache.maven.surefire.testng.TestNGExecutor.run(TestNGExecutor.java:178)
	at org.apache.maven.surefire.testng.TestNGXmlTestSuite.execute(TestNGXmlTestSuite.java:92)
	at org.apache.maven.surefire.testng.TestNGProvider.invoke(TestNGProvider.java:96)
	at sun.reflect.NativeMethodAccessorImpl.invoke0(Native Method)
	at sun.reflect.NativeMethodAccessorImpl.invoke(NativeMethodAccessorImpl.java:62)
	at sun.reflect.DelegatingMethodAccessorImpl.invoke(DelegatingMethodAccessorImpl.java:43)
	at java.lang.reflect.Method.invoke(Method.java:498)
	at org.apache.maven.surefire.util.ReflectionUtils.invokeMethodWithArray2(ReflectionUtils.java:208)
	at org.apache.maven.surefire.booter.ProviderFactory$ProviderProxy.invoke(ProviderFactory.java:159)
	at org.apache.maven.surefire.booter.ProviderFactory.invokeProvider(ProviderFactory.java:87)
	at org.apache.maven.surefire.booter.ForkedBooter.runSuitesInProcess(ForkedBooter.java:153)
	at org.apache.maven.surefire.booter.ForkedBooter.main(ForkedBooter.java:95)
</pre></div></td>
<td>0</td>
<td>com.amc.Testclasess.execute.WOP_MPComparisionTest@272ee84a</td></tr>
<tr>
<td title='com.amc.Testclasess.execute.WOP_MPComparisionTest.ValidateExpectedDurationTest()'><b>ValidateExpectedDurationTest</b><br>Test class: com.amc.Testclasess.execute.WOP_MPComparisionTest</td>
<td><div><pre>java.lang.AssertionError: The following asserts failed:
	ExpectedDuration:30:00 --- Not Matched with --- [AssetSource:Original, Distributor:&quot;Film Garden Entertainment, Inc. 1&quot;, Title:Platinum Weddings: 04-006: Jaimie &amp; Gregg, AMCNID:RLA169547.2, ShowType:Series, ProductionMode:Unscripted, Origin:Owned, SecurityStatus:Open, EditRestricted:Non Restricted (NR), EpisodeVersionType:Open, Ownernetwork:Open, Supplier:Miramax, EpisodeNumber:04-006, AiringOrder:402, ExpectedDuration:00:30:00]
	at com.amc.txrepo.WOP_MP_Comparision.WOPtoMPDataComparisions(WOP_MP_Comparision.java:82)
	at com.amc.Testclasess.execute.WOP_MPComparisionTest.ValidateExpectedDurationTest(WOP_MPComparisionTest.java:36)
	at com.amc.testcases.DynamicTestNG.runTestNGTest(DynamicTestNG.java:87)
	at com.amc.testcases.DynamicTestNG.ExecuteScripts(DynamicTestNG.java:97)
... Removed 57 stack frames</pre></div><a href='#' onClick='toggleBox("stack-trace1975106475", this, "Click to show all stack frames", "Click to hide stack frames")'>Click to show all stack frames</a>
<div class='stack-trace' id='stack-trace1975106475'><pre>java.lang.AssertionError: The following asserts failed:
	ExpectedDuration:30:00 --- Not Matched with --- [AssetSource:Original, Distributor:&quot;Film Garden Entertainment, Inc. 1&quot;, Title:Platinum Weddings: 04-006: Jaimie &amp; Gregg, AMCNID:RLA169547.2, ShowType:Series, ProductionMode:Unscripted, Origin:Owned, SecurityStatus:Open, EditRestricted:Non Restricted (NR), EpisodeVersionType:Open, Ownernetwork:Open, Supplier:Miramax, EpisodeNumber:04-006, AiringOrder:402, ExpectedDuration:00:30:00]
	at org.testng.asserts.SoftAssert.assertAll(SoftAssert.java:43)
	at com.amc.txrepo.WOP_MP_Comparision.WOPtoMPDataComparisions(WOP_MP_Comparision.java:82)
	at com.amc.Testclasess.execute.WOP_MPComparisionTest.ValidateExpectedDurationTest(WOP_MPComparisionTest.java:36)
	at sun.reflect.NativeMethodAccessorImpl.invoke0(Native Method)
	at sun.reflect.NativeMethodAccessorImpl.invoke(NativeMethodAccessorImpl.java:62)
	at sun.reflect.DelegatingMethodAccessorImpl.invoke(DelegatingMethodAccessorImpl.java:43)
	at java.lang.reflect.Method.invoke(Method.java:498)
	at org.testng.internal.MethodInvocationHelper.invokeMethod(MethodInvocationHelper.java:124)
	at org.testng.internal.Invoker.invokeMethod(Invoker.java:583)
	at org.testng.internal.Invoker.invokeTestMethod(Invoker.java:719)
	at org.testng.internal.Invoker.invokeTestMethods(Invoker.java:989)
	at org.testng.internal.TestMethodWorker.invokeTestMethods(TestMethodWorker.java:125)
	at org.testng.internal.TestMethodWorker.run(TestMethodWorker.java:109)
	at org.testng.TestRunner.privateRun(TestRunner.java:648)
	at org.testng.TestRunner.run(TestRunner.java:505)
	at org.testng.SuiteRunner.runTest(SuiteRunner.java:455)
	at org.testng.SuiteRunner.runSequentially(SuiteRunner.java:450)
	at org.testng.SuiteRunner.privateRun(SuiteRunner.java:415)
	at org.testng.SuiteRunner.run(SuiteRunner.java:364)
	at org.testng.SuiteRunnerWorker.runSuite(SuiteRunnerWorker.java:52)
	at org.testng.SuiteRunnerWorker.run(SuiteRunnerWorker.java:84)
	at org.testng.TestNG.runSuitesSequentially(TestNG.java:1208)
	at org.testng.TestNG.runSuitesLocally(TestNG.java:1137)
	at org.testng.TestNG.runSuites(TestNG.java:1049)
	at org.testng.TestNG.run(TestNG.java:1017)
	at com.amc.testcases.DynamicTestNG.runTestNGTest(DynamicTestNG.java:87)
	at com.amc.testcases.DynamicTestNG.ExecuteScripts(DynamicTestNG.java:97)
	at sun.reflect.NativeMethodAccessorImpl.invoke0(Native Method)
	at sun.reflect.NativeMethodAccessorImpl.invoke(NativeMethodAccessorImpl.java:62)
	at sun.reflect.DelegatingMethodAccessorImpl.invoke(DelegatingMethodAccessorImpl.java:43)
	at java.lang.reflect.Method.invoke(Method.java:498)
	at org.testng.internal.MethodInvocationHelper.invokeMethod(MethodInvocationHelper.java:124)
	at org.testng.internal.Invoker.invokeMethod(Invoker.java:583)
	at org.testng.internal.Invoker.invokeTestMethod(Invoker.java:719)
	at org.testng.internal.Invoker.invokeTestMethods(Invoker.java:989)
	at org.testng.internal.TestMethodWorker.invokeTestMethods(TestMethodWorker.java:125)
	at org.testng.internal.TestMethodWorker.run(TestMethodWorker.java:109)
	at org.testng.TestRunner.privateRun(TestRunner.java:648)
	at org.testng.TestRunner.run(TestRunner.java:505)
	at org.testng.SuiteRunner.runTest(SuiteRunner.java:455)
	at org.testng.SuiteRunner.runSequentially(SuiteRunner.java:450)
	at org.testng.SuiteRunner.privateRun(SuiteRunner.java:415)
	at org.testng.SuiteRunner.run(SuiteRunner.java:364)
	at org.testng.SuiteRunnerWorker.runSuite(SuiteRunnerWorker.java:52)
	at org.testng.SuiteRunnerWorker.run(SuiteRunnerWorker.java:84)
	at org.testng.TestNG.runSuitesSequentially(TestNG.java:1208)
	at org.testng.TestNG.runSuitesLocally(TestNG.java:1137)
	at org.testng.TestNG.runSuites(TestNG.java:1049)
	at org.testng.TestNG.run(TestNG.java:1017)
	at org.apache.maven.surefire.testng.TestNGExecutor.run(TestNGExecutor.java:178)
	at org.apache.maven.surefire.testng.TestNGXmlTestSuite.execute(TestNGXmlTestSuite.java:92)
	at org.apache.maven.surefire.testng.TestNGProvider.invoke(TestNGProvider.java:96)
	at sun.reflect.NativeMethodAccessorImpl.invoke0(Native Method)
	at sun.reflect.NativeMethodAccessorImpl.invoke(NativeMethodAccessorImpl.java:62)
	at sun.reflect.DelegatingMethodAccessorImpl.invoke(DelegatingMethodAccessorImpl.java:43)
	at java.lang.reflect.Method.invoke(Method.java:498)
	at org.apache.maven.surefire.util.ReflectionUtils.invokeMethodWithArray2(ReflectionUtils.java:208)
	at org.apache.maven.surefire.booter.ProviderFactory$ProviderProxy.invoke(ProviderFactory.java:159)
	at org.apache.maven.surefire.booter.ProviderFactory.invokeProvider(ProviderFactory.java:87)
	at org.apache.maven.surefire.booter.ForkedBooter.runSuitesInProcess(ForkedBooter.java:153)
	at org.apache.maven.surefire.booter.ForkedBooter.main(ForkedBooter.java:95)
</pre></div></td>
<td>0</td>
<td>com.amc.Testclasess.execute.WOP_MPComparisionTest@272ee84a</td></tr>
<tr>
<td title='com.amc.Testclasess.execute.WOP_MPComparisionTest.ValidateOwnernetworkTest()'><b>ValidateOwnernetworkTest</b><br>Test class: com.amc.Testclasess.execute.WOP_MPComparisionTest</td>
<td><div><pre>java.lang.AssertionError: The following asserts failed:
	Ownernetwork:WE --- Not Matched with --- [AssetSource:Original, Distributor:&quot;Film Garden Entertainment, Inc. 1&quot;, Title:Platinum Weddings: 04-006: Jaimie &amp; Gregg, AMCNID:RLA169547.2, ShowType:Series, ProductionMode:Unscripted, Origin:Owned, SecurityStatus:Open, EditRestricted:Non Restricted (NR), EpisodeVersionType:Open, Ownernetwork:Open, Supplier:Miramax, EpisodeNumber:04-006, AiringOrder:402, ExpectedDuration:00:30:00]
	at com.amc.txrepo.WOP_MP_Comparision.WOPtoMPDataComparisions(WOP_MP_Comparision.java:82)
	at com.amc.Testclasess.execute.WOP_MPComparisionTest.ValidateOwnernetworkTest(WOP_MPComparisionTest.java:144)
	at com.amc.testcases.DynamicTestNG.runTestNGTest(DynamicTestNG.java:87)
	at com.amc.testcases.DynamicTestNG.ExecuteScripts(DynamicTestNG.java:97)
... Removed 57 stack frames</pre></div><a href='#' onClick='toggleBox("stack-trace1611942265", this, "Click to show all stack frames", "Click to hide stack frames")'>Click to show all stack frames</a>
<div class='stack-trace' id='stack-trace1611942265'><pre>java.lang.AssertionError: The following asserts failed:
	Ownernetwork:WE --- Not Matched with --- [AssetSource:Original, Distributor:&quot;Film Garden Entertainment, Inc. 1&quot;, Title:Platinum Weddings: 04-006: Jaimie &amp; Gregg, AMCNID:RLA169547.2, ShowType:Series, ProductionMode:Unscripted, Origin:Owned, SecurityStatus:Open, EditRestricted:Non Restricted (NR), EpisodeVersionType:Open, Ownernetwork:Open, Supplier:Miramax, EpisodeNumber:04-006, AiringOrder:402, ExpectedDuration:00:30:00]
	at org.testng.asserts.SoftAssert.assertAll(SoftAssert.java:43)
	at com.amc.txrepo.WOP_MP_Comparision.WOPtoMPDataComparisions(WOP_MP_Comparision.java:82)
	at com.amc.Testclasess.execute.WOP_MPComparisionTest.ValidateOwnernetworkTest(WOP_MPComparisionTest.java:144)
	at sun.reflect.NativeMethodAccessorImpl.invoke0(Native Method)
	at sun.reflect.NativeMethodAccessorImpl.invoke(NativeMethodAccessorImpl.java:62)
	at sun.reflect.DelegatingMethodAccessorImpl.invoke(DelegatingMethodAccessorImpl.java:43)
	at java.lang.reflect.Method.invoke(Method.java:498)
	at org.testng.internal.MethodInvocationHelper.invokeMethod(MethodInvocationHelper.java:124)
	at org.testng.internal.Invoker.invokeMethod(Invoker.java:583)
	at org.testng.internal.Invoker.invokeTestMethod(Invoker.java:719)
	at org.testng.internal.Invoker.invokeTestMethods(Invoker.java:989)
	at org.testng.internal.TestMethodWorker.invokeTestMethods(TestMethodWorker.java:125)
	at org.testng.internal.TestMethodWorker.run(TestMethodWorker.java:109)
	at org.testng.TestRunner.privateRun(TestRunner.java:648)
	at org.testng.TestRunner.run(TestRunner.java:505)
	at org.testng.SuiteRunner.runTest(SuiteRunner.java:455)
	at org.testng.SuiteRunner.runSequentially(SuiteRunner.java:450)
	at org.testng.SuiteRunner.privateRun(SuiteRunner.java:415)
	at org.testng.SuiteRunner.run(SuiteRunner.java:364)
	at org.testng.SuiteRunnerWorker.runSuite(SuiteRunnerWorker.java:52)
	at org.testng.SuiteRunnerWorker.run(SuiteRunnerWorker.java:84)
	at org.testng.TestNG.runSuitesSequentially(TestNG.java:1208)
	at org.testng.TestNG.runSuitesLocally(TestNG.java:1137)
	at org.testng.TestNG.runSuites(TestNG.java:1049)
	at org.testng.TestNG.run(TestNG.java:1017)
	at com.amc.testcases.DynamicTestNG.runTestNGTest(DynamicTestNG.java:87)
	at com.amc.testcases.DynamicTestNG.ExecuteScripts(DynamicTestNG.java:97)
	at sun.reflect.NativeMethodAccessorImpl.invoke0(Native Method)
	at sun.reflect.NativeMethodAccessorImpl.invoke(NativeMethodAccessorImpl.java:62)
	at sun.reflect.DelegatingMethodAccessorImpl.invoke(DelegatingMethodAccessorImpl.java:43)
	at java.lang.reflect.Method.invoke(Method.java:498)
	at org.testng.internal.MethodInvocationHelper.invokeMethod(MethodInvocationHelper.java:124)
	at org.testng.internal.Invoker.invokeMethod(Invoker.java:583)
	at org.testng.internal.Invoker.invokeTestMethod(Invoker.java:719)
	at org.testng.internal.Invoker.invokeTestMethods(Invoker.java:989)
	at org.testng.internal.TestMethodWorker.invokeTestMethods(TestMethodWorker.java:125)
	at org.testng.internal.TestMethodWorker.run(TestMethodWorker.java:109)
	at org.testng.TestRunner.privateRun(TestRunner.java:648)
	at org.testng.TestRunner.run(TestRunner.java:505)
	at org.testng.SuiteRunner.runTest(SuiteRunner.java:455)
	at org.testng.SuiteRunner.runSequentially(SuiteRunner.java:450)
	at org.testng.SuiteRunner.privateRun(SuiteRunner.java:415)
	at org.testng.SuiteRunner.run(SuiteRunner.java:364)
	at org.testng.SuiteRunnerWorker.runSuite(SuiteRunnerWorker.java:52)
	at org.testng.SuiteRunnerWorker.run(SuiteRunnerWorker.java:84)
	at org.testng.TestNG.runSuitesSequentially(TestNG.java:1208)
	at org.testng.TestNG.runSuitesLocally(TestNG.java:1137)
	at org.testng.TestNG.runSuites(TestNG.java:1049)
	at org.testng.TestNG.run(TestNG.java:1017)
	at org.apache.maven.surefire.testng.TestNGExecutor.run(TestNGExecutor.java:178)
	at org.apache.maven.surefire.testng.TestNGXmlTestSuite.execute(TestNGXmlTestSuite.java:92)
	at org.apache.maven.surefire.testng.TestNGProvider.invoke(TestNGProvider.java:96)
	at sun.reflect.NativeMethodAccessorImpl.invoke0(Native Method)
	at sun.reflect.NativeMethodAccessorImpl.invoke(NativeMethodAccessorImpl.java:62)
	at sun.reflect.DelegatingMethodAccessorImpl.invoke(DelegatingMethodAccessorImpl.java:43)
	at java.lang.reflect.Method.invoke(Method.java:498)
	at org.apache.maven.surefire.util.ReflectionUtils.invokeMethodWithArray2(ReflectionUtils.java:208)
	at org.apache.maven.surefire.booter.ProviderFactory$ProviderProxy.invoke(ProviderFactory.java:159)
	at org.apache.maven.surefire.booter.ProviderFactory.invokeProvider(ProviderFactory.java:87)
	at org.apache.maven.surefire.booter.ForkedBooter.runSuitesInProcess(ForkedBooter.java:153)
	at org.apache.maven.surefire.booter.ForkedBooter.main(ForkedBooter.java:95)
</pre></div></td>
<td>0</td>
<td>com.amc.Testclasess.execute.WOP_MPComparisionTest@272ee84a</td></tr>
</table><p>
<table width='100%' border='1' class='invocation-passed'>
<tr><td colspan='4' align='center'><b>PASSED TESTS</b></td></tr>
<tr><td><b>Test method</b></td>
<td width="30%"><b>Exception</b></td>
<td width="10%"><b>Time (seconds)</b></td>
<td><b>Instance</b></td>
</tr>
<tr>
<td title='com.amc.Testclasess.execute.MPEpisodeVersionTest.MPEpisodeVersionIntegrationTest()'><b>MPEpisodeVersionIntegrationTest</b><br>Test class: com.amc.Testclasess.execute.MPEpisodeVersionTest</td>
<td></td>
<td>114</td>
<td>com.amc.Testclasess.execute.MPEpisodeVersionTest@fd6784a</td></tr>
<tr>
<td title='com.amc.Testclasess.execute.WOP_MPComparisionTest.ValidateAMCNIDTest()'><b>ValidateAMCNIDTest</b><br>Test class: com.amc.Testclasess.execute.WOP_MPComparisionTest</td>
<td></td>
<td>0</td>
<td>com.amc.Testclasess.execute.WOP_MPComparisionTest@272ee84a</td></tr>
<tr>
<td title='com.amc.Testclasess.execute.WOP_MPComparisionTest.ValidateAiringOrderTest()'><b>ValidateAiringOrderTest</b><br>Test class: com.amc.Testclasess.execute.WOP_MPComparisionTest</td>
<td></td>
<td>0</td>
<td>com.amc.Testclasess.execute.WOP_MPComparisionTest@272ee84a</td></tr>
<tr>
<td title='com.amc.Testclasess.execute.WOP_MPComparisionTest.ValidateAssetSourceTest()'><b>ValidateAssetSourceTest</b><br>Test class: com.amc.Testclasess.execute.WOP_MPComparisionTest</td>
<td></td>
<td>0</td>
<td>com.amc.Testclasess.execute.WOP_MPComparisionTest@272ee84a</td></tr>
<tr>
<td title='com.amc.Testclasess.execute.WOP_MPComparisionTest.ValidateDistributorTest()'><b>ValidateDistributorTest</b><br>Test class: com.amc.Testclasess.execute.WOP_MPComparisionTest</td>
<td></td>
<td>0</td>
<td>com.amc.Testclasess.execute.WOP_MPComparisionTest@272ee84a</td></tr>
<tr>
<td title='com.amc.Testclasess.execute.WOP_MPComparisionTest.ValidateEditRestrictedTest()'><b>ValidateEditRestrictedTest</b><br>Test class: com.amc.Testclasess.execute.WOP_MPComparisionTest</td>
<td></td>
<td>0</td>
<td>com.amc.Testclasess.execute.WOP_MPComparisionTest@272ee84a</td></tr>
<tr>
<td title='com.amc.Testclasess.execute.WOP_MPComparisionTest.ValidateEpisodeNumberTest()'><b>ValidateEpisodeNumberTest</b><br>Test class: com.amc.Testclasess.execute.WOP_MPComparisionTest</td>
<td></td>
<td>0</td>
<td>com.amc.Testclasess.execute.WOP_MPComparisionTest@272ee84a</td></tr>
<tr>
<td title='com.amc.Testclasess.execute.WOP_MPComparisionTest.ValidateOriginTest()'><b>ValidateOriginTest</b><br>Test class: com.amc.Testclasess.execute.WOP_MPComparisionTest</td>
<td></td>
<td>0</td>
<td>com.amc.Testclasess.execute.WOP_MPComparisionTest@272ee84a</td></tr>
<tr>
<td title='com.amc.Testclasess.execute.WOP_MPComparisionTest.ValidateProductionModeTest()'><b>ValidateProductionModeTest</b><br>Test class: com.amc.Testclasess.execute.WOP_MPComparisionTest</td>
<td></td>
<td>0</td>
<td>com.amc.Testclasess.execute.WOP_MPComparisionTest@272ee84a</td></tr>
<tr>
<td title='com.amc.Testclasess.execute.WOP_MPComparisionTest.ValidateSecurityStatusTest()'><b>ValidateSecurityStatusTest</b><br>Test class: com.amc.Testclasess.execute.WOP_MPComparisionTest</td>
<td></td>
<td>0</td>
<td>com.amc.Testclasess.execute.WOP_MPComparisionTest@272ee84a</td></tr>
<tr>
<td title='com.amc.Testclasess.execute.WOP_MPComparisionTest.ValidateShowTypeTest()'><b>ValidateShowTypeTest</b><br>Test class: com.amc.Testclasess.execute.WOP_MPComparisionTest</td>
<td></td>
<td>0</td>
<td>com.amc.Testclasess.execute.WOP_MPComparisionTest@272ee84a</td></tr>
<tr>
<td title='com.amc.Testclasess.execute.WOP_MPComparisionTest.ValidateSupplierTest()'><b>ValidateSupplierTest</b><br>Test class: com.amc.Testclasess.execute.WOP_MPComparisionTest</td>
<td></td>
<td>0</td>
<td>com.amc.Testclasess.execute.WOP_MPComparisionTest@272ee84a</td></tr>
<tr>
<td title='com.amc.Testclasess.execute.WOP_MPComparisionTest.ValidateTitleTest()'><b>ValidateTitleTest</b><br>Test class: com.amc.Testclasess.execute.WOP_MPComparisionTest</td>
<td></td>
<td>0</td>
<td>com.amc.Testclasess.execute.WOP_MPComparisionTest@272ee84a</td></tr>
<tr>
<td title='com.amc.Testclasess.execute.WOPEpisodeVersionTest.wopEpisodeVersionCreation()'><b>wopEpisodeVersionCreation</b><br>Test class: com.amc.Testclasess.execute.WOPEpisodeVersionTest</td>
<td></td>
<td>328</td>
<td>com.amc.Testclasess.execute.WOPEpisodeVersionTest@40e0213c</td></tr>
</table><p>
</body>
</html>