<?xml version="1.0" encoding="UTF-8" standalone="yes"?>
<ns2:test-suite start="1591269183725" stop="1591269183840" version="1.5.4" xmlns:ns2="urn:model.allure.qatools.yandex.ru">
    <name>Default suite : Default test</name>
    <title>Default suite : Default test</title>
    <test-cases>
        <test-case start="1591269183781" stop="1591269183797" status="failed">
            <name>ValidatingexpectedField</name>
            <title>ValidatingexpectedField</title>
            <failure>
                <message>AssertionError: The following asserts failed:
	Comparison is Fail,
	Comparison is Fail,
	Comparison is Fail,
	Comparison is Fail,
	Comparison is Fail</message>
                <stack-trace>java.lang.AssertionError: The following asserts failed:
	Comparison is Fail,
	Comparison is Fail,
	Comparison is Fail,
	Comparison is Fail,
	Comparison is Fail
	at org.testng.asserts.SoftAssert.assertAll(SoftAssert.java:43)
	at com.amc.txrepo.DryRunObj.dryRun(DryRunObj.java:96)
	at com.amc.Testclasess.execute.DryRun.ValidatingexpectedField(DryRun.java:35)
	at sun.reflect.NativeMethodAccessorImpl.invoke0(Native Method)
	at sun.reflect.NativeMethodAccessorImpl.invoke(NativeMethodAccessorImpl.java:62)
	at sun.reflect.DelegatingMethodAccessorImpl.invoke(DelegatingMethodAccessorImpl.java:43)
	at java.lang.reflect.Method.invoke(Method.java:498)
	at org.testng.internal.MethodInvocationHelper.invokeMethod(MethodInvocationHelper.java:124)
	at org.testng.internal.Invoker.invokeMethod(Invoker.java:583)
	at org.testng.internal.Invoker.invokeTestMethod(Invoker.java:719)
	at org.testng.internal.Invoker.invokeTestMethods(Invoker.java:989)
	at org.testng.internal.TestMethodWorker.invokeTestMethods(TestMethodWorker.java:125)
	at org.testng.internal.TestMethodWorker.run(TestMethodWorker.java:109)
	at org.testng.TestRunner.privateRun(TestRunner.java:648)
	at org.testng.TestRunner.run(TestRunner.java:505)
	at org.testng.SuiteRunner.runTest(SuiteRunner.java:455)
	at org.testng.SuiteRunner.runSequentially(SuiteRunner.java:450)
	at org.testng.SuiteRunner.privateRun(SuiteRunner.java:415)
	at org.testng.SuiteRunner.run(SuiteRunner.java:364)
	at org.testng.SuiteRunnerWorker.runSuite(SuiteRunnerWorker.java:52)
	at org.testng.SuiteRunnerWorker.run(SuiteRunnerWorker.java:84)
	at org.testng.TestNG.runSuitesSequentially(TestNG.java:1208)
	at org.testng.TestNG.runSuitesLocally(TestNG.java:1137)
	at org.testng.TestNG.runSuites(TestNG.java:1049)
	at org.testng.TestNG.run(TestNG.java:1017)
	at org.testng.remote.AbstractRemoteTestNG.run(AbstractRemoteTestNG.java:114)
	at org.testng.remote.RemoteTestNG.initAndRun(RemoteTestNG.java:251)
	at org.testng.remote.RemoteTestNG.main(RemoteTestNG.java:77)
</stack-trace>
            </failure>
            <steps/>
            <attachments/>
            <labels>
                <label name="testSuite" value="Default suite"/>
                <label name="testGroup" value="Default test"/>
                <label name="testClass" value="com.amc.Testclasess.execute.DryRun"/>
                <label name="testMethod" value="ValidatingexpectedField"/>
                <label name="feature" value="Dry Test"/>
                <label name="host" value="MONO-HYD-LAP-41"/>
                <label name="thread" value="18008@MONO-HYD-LAP-41.main(1)"/>
            </labels>
        </test-case>
        <test-case start="1591269183801" stop="1591269183803" status="failed">
            <name>ValidatingActual</name>
            <title>ValidatingActual</title>
            <failure>
                <message>AssertionError: The following asserts failed:
	Comparison is Fail,
	Comparison is Fail,
	Comparison is Fail,
	Comparison is Fail,
	Comparison is Fail,
	Comparison is Fail</message>
                <stack-trace>java.lang.AssertionError: The following asserts failed:
	Comparison is Fail,
	Comparison is Fail,
	Comparison is Fail,
	Comparison is Fail,
	Comparison is Fail,
	Comparison is Fail
	at org.testng.asserts.SoftAssert.assertAll(SoftAssert.java:43)
	at com.amc.txrepo.DryRunObj.dryRun(DryRunObj.java:96)
	at com.amc.Testclasess.execute.DryRun.ValidatingActual(DryRun.java:50)
	at sun.reflect.NativeMethodAccessorImpl.invoke0(Native Method)
	at sun.reflect.NativeMethodAccessorImpl.invoke(NativeMethodAccessorImpl.java:62)
	at sun.reflect.DelegatingMethodAccessorImpl.invoke(DelegatingMethodAccessorImpl.java:43)
	at java.lang.reflect.Method.invoke(Method.java:498)
	at org.testng.internal.MethodInvocationHelper.invokeMethod(MethodInvocationHelper.java:124)
	at org.testng.internal.Invoker.invokeMethod(Invoker.java:583)
	at org.testng.internal.Invoker.invokeTestMethod(Invoker.java:719)
	at org.testng.internal.Invoker.invokeTestMethods(Invoker.java:989)
	at org.testng.internal.TestMethodWorker.invokeTestMethods(TestMethodWorker.java:125)
	at org.testng.internal.TestMethodWorker.run(TestMethodWorker.java:109)
	at org.testng.TestRunner.privateRun(TestRunner.java:648)
	at org.testng.TestRunner.run(TestRunner.java:505)
	at org.testng.SuiteRunner.runTest(SuiteRunner.java:455)
	at org.testng.SuiteRunner.runSequentially(SuiteRunner.java:450)
	at org.testng.SuiteRunner.privateRun(SuiteRunner.java:415)
	at org.testng.SuiteRunner.run(SuiteRunner.java:364)
	at org.testng.SuiteRunnerWorker.runSuite(SuiteRunnerWorker.java:52)
	at org.testng.SuiteRunnerWorker.run(SuiteRunnerWorker.java:84)
	at org.testng.TestNG.runSuitesSequentially(TestNG.java:1208)
	at org.testng.TestNG.runSuitesLocally(TestNG.java:1137)
	at org.testng.TestNG.runSuites(TestNG.java:1049)
	at org.testng.TestNG.run(TestNG.java:1017)
	at org.testng.remote.AbstractRemoteTestNG.run(AbstractRemoteTestNG.java:114)
	at org.testng.remote.RemoteTestNG.initAndRun(RemoteTestNG.java:251)
	at org.testng.remote.RemoteTestNG.main(RemoteTestNG.java:77)
</stack-trace>
            </failure>
            <steps/>
            <attachments/>
            <labels>
                <label name="testSuite" value="Default suite"/>
                <label name="testGroup" value="Default test"/>
                <label name="testClass" value="com.amc.Testclasess.execute.DryRun"/>
                <label name="testMethod" value="ValidatingActual"/>
                <label name="feature" value="Dry Test"/>
                <label name="host" value="MONO-HYD-LAP-41"/>
                <label name="thread" value="18008@MONO-HYD-LAP-41.main(1)"/>
            </labels>
        </test-case>
        <test-case start="1591269183806" stop="1591269183808" status="failed">
            <name>ValidatingFormat</name>
            <title>ValidatingFormat</title>
            <failure>
                <message>AssertionError: The following asserts failed:
	Comparison is Fail,
	Comparison is Fail,
	Comparison is Fail,
	Comparison is Fail,
	Comparison is Fail,
	Comparison is Fail,
	Comparison is Fail,
	Comparison is Fail,
	Comparison is Fail</message>
                <stack-trace>java.lang.AssertionError: The following asserts failed:
	Comparison is Fail,
	Comparison is Fail,
	Comparison is Fail,
	Comparison is Fail,
	Comparison is Fail,
	Comparison is Fail,
	Comparison is Fail,
	Comparison is Fail,
	Comparison is Fail
	at org.testng.asserts.SoftAssert.assertAll(SoftAssert.java:43)
	at com.amc.txrepo.DryRunObj.dryRun(DryRunObj.java:96)
	at com.amc.Testclasess.execute.DryRun.ValidatingFormat(DryRun.java:66)
	at sun.reflect.NativeMethodAccessorImpl.invoke0(Native Method)
	at sun.reflect.NativeMethodAccessorImpl.invoke(NativeMethodAccessorImpl.java:62)
	at sun.reflect.DelegatingMethodAccessorImpl.invoke(DelegatingMethodAccessorImpl.java:43)
	at java.lang.reflect.Method.invoke(Method.java:498)
	at org.testng.internal.MethodInvocationHelper.invokeMethod(MethodInvocationHelper.java:124)
	at org.testng.internal.Invoker.invokeMethod(Invoker.java:583)
	at org.testng.internal.Invoker.invokeTestMethod(Invoker.java:719)
	at org.testng.internal.Invoker.invokeTestMethods(Invoker.java:989)
	at org.testng.internal.TestMethodWorker.invokeTestMethods(TestMethodWorker.java:125)
	at org.testng.internal.TestMethodWorker.run(TestMethodWorker.java:109)
	at org.testng.TestRunner.privateRun(TestRunner.java:648)
	at org.testng.TestRunner.run(TestRunner.java:505)
	at org.testng.SuiteRunner.runTest(SuiteRunner.java:455)
	at org.testng.SuiteRunner.runSequentially(SuiteRunner.java:450)
	at org.testng.SuiteRunner.privateRun(SuiteRunner.java:415)
	at org.testng.SuiteRunner.run(SuiteRunner.java:364)
	at org.testng.SuiteRunnerWorker.runSuite(SuiteRunnerWorker.java:52)
	at org.testng.SuiteRunnerWorker.run(SuiteRunnerWorker.java:84)
	at org.testng.TestNG.runSuitesSequentially(TestNG.java:1208)
	at org.testng.TestNG.runSuitesLocally(TestNG.java:1137)
	at org.testng.TestNG.runSuites(TestNG.java:1049)
	at org.testng.TestNG.run(TestNG.java:1017)
	at org.testng.remote.AbstractRemoteTestNG.run(AbstractRemoteTestNG.java:114)
	at org.testng.remote.RemoteTestNG.initAndRun(RemoteTestNG.java:251)
	at org.testng.remote.RemoteTestNG.main(RemoteTestNG.java:77)
</stack-trace>
            </failure>
            <steps/>
            <attachments/>
            <labels>
                <label name="testSuite" value="Default suite"/>
                <label name="testGroup" value="Default test"/>
                <label name="testClass" value="com.amc.Testclasess.execute.DryRun"/>
                <label name="testMethod" value="ValidatingFormat"/>
                <label name="feature" value="Dry Test"/>
                <label name="host" value="MONO-HYD-LAP-41"/>
                <label name="thread" value="18008@MONO-HYD-LAP-41.main(1)"/>
            </labels>
        </test-case>
        <test-case start="1591269183810" stop="1591269183813" status="failed">
            <name>ValidatingSegments</name>
            <title>ValidatingSegments</title>
            <failure>
                <message>AssertionError: The following asserts failed:
	Comparison is Fail,
	Comparison is Fail,
	Comparison is Fail,
	Comparison is Fail,
	Comparison is Fail,
	Comparison is Fail,
	Comparison is Fail</message>
                <stack-trace>java.lang.AssertionError: The following asserts failed:
	Comparison is Fail,
	Comparison is Fail,
	Comparison is Fail,
	Comparison is Fail,
	Comparison is Fail,
	Comparison is Fail,
	Comparison is Fail
	at org.testng.asserts.SoftAssert.assertAll(SoftAssert.java:43)
	at com.amc.txrepo.DryRunObj.dryRun(DryRunObj.java:96)
	at com.amc.Testclasess.execute.DryRun.ValidatingSegments(DryRun.java:82)
	at sun.reflect.NativeMethodAccessorImpl.invoke0(Native Method)
	at sun.reflect.NativeMethodAccessorImpl.invoke(NativeMethodAccessorImpl.java:62)
	at sun.reflect.DelegatingMethodAccessorImpl.invoke(DelegatingMethodAccessorImpl.java:43)
	at java.lang.reflect.Method.invoke(Method.java:498)
	at org.testng.internal.MethodInvocationHelper.invokeMethod(MethodInvocationHelper.java:124)
	at org.testng.internal.Invoker.invokeMethod(Invoker.java:583)
	at org.testng.internal.Invoker.invokeTestMethod(Invoker.java:719)
	at org.testng.internal.Invoker.invokeTestMethods(Invoker.java:989)
	at org.testng.internal.TestMethodWorker.invokeTestMethods(TestMethodWorker.java:125)
	at org.testng.internal.TestMethodWorker.run(TestMethodWorker.java:109)
	at org.testng.TestRunner.privateRun(TestRunner.java:648)
	at org.testng.TestRunner.run(TestRunner.java:505)
	at org.testng.SuiteRunner.runTest(SuiteRunner.java:455)
	at org.testng.SuiteRunner.runSequentially(SuiteRunner.java:450)
	at org.testng.SuiteRunner.privateRun(SuiteRunner.java:415)
	at org.testng.SuiteRunner.run(SuiteRunner.java:364)
	at org.testng.SuiteRunnerWorker.runSuite(SuiteRunnerWorker.java:52)
	at org.testng.SuiteRunnerWorker.run(SuiteRunnerWorker.java:84)
	at org.testng.TestNG.runSuitesSequentially(TestNG.java:1208)
	at org.testng.TestNG.runSuitesLocally(TestNG.java:1137)
	at org.testng.TestNG.runSuites(TestNG.java:1049)
	at org.testng.TestNG.run(TestNG.java:1017)
	at org.testng.remote.AbstractRemoteTestNG.run(AbstractRemoteTestNG.java:114)
	at org.testng.remote.RemoteTestNG.initAndRun(RemoteTestNG.java:251)
	at org.testng.remote.RemoteTestNG.main(RemoteTestNG.java:77)
</stack-trace>
            </failure>
            <steps/>
            <attachments/>
            <labels>
                <label name="testSuite" value="Default suite"/>
                <label name="testGroup" value="Default test"/>
                <label name="testClass" value="com.amc.Testclasess.execute.DryRun"/>
                <label name="testMethod" value="ValidatingSegments"/>
                <label name="feature" value="Dry Test"/>
                <label name="host" value="MONO-HYD-LAP-41"/>
                <label name="thread" value="18008@MONO-HYD-LAP-41.main(1)"/>
            </labels>
        </test-case>
    </test-cases>
    <labels>
        <label name="framework" value="TestNG"/>
        <label name="language" value="JAVA"/>
    </labels>
</ns2:test-suite>
