<?xml version="1.0" encoding="UTF-8" standalone="yes"?>
<ns2:test-suite start="1597652996097" stop="1597653438532" version="1.5.4" xmlns:ns2="urn:model.allure.qatools.yandex.ru">
    <name>Suite : Testclasess</name>
    <title>Suite : Testclasess</title>
    <test-cases>
        <test-case start="1597652996102" stop="1597653324171" status="passed">
            <name>wopEpisodeVersionCreation</name>
            <title>WOP Episode version Creation</title>
            <steps>
                <step start="1597653177257" stop="1597653177259" status="passed">
                    <name>logStep[Episode Verison Creation is Success]</name>
                    <title>Episode Verison Creation is Success</title>
                    <attachments/>
                    <steps/>
                </step>
                <step start="1597653320166" stop="1597653320166" status="passed">
                    <name>logStep[WOP Services Up And Running :RLA169547.2]</name>
                    <title>WOP Services Up And Running :RLA169547.2</title>
                    <attachments/>
                    <steps/>
                </step>
            </steps>
            <attachments/>
            <labels>
                <label name="testSuite" value="Suite"/>
                <label name="testGroup" value="Testclasess"/>
                <label name="testClass" value="com.amc.Testclasess.execute.WOPEpisodeVersionTest"/>
                <label name="testMethod" value="wopEpisodeVersionCreation"/>
                <label name="story" value="WOP"/>
                <label name="feature" value="Long Form Data Integration"/>
                <label name="host" value="MONO-HYD-LAP-41"/>
                <label name="thread" value="15244@MONO-HYD-LAP-41.main(1)"/>
            </labels>
        </test-case>
        <test-case start="1597653324177" stop="1597653438433" status="passed">
            <name>MPEpisodeVersionIntegrationTest</name>
            <title>WOP to MP Integration</title>
            <steps>
                <step start="1597653357844" stop="1597653357844" status="passed">
                    <name>logStep[WOP to MP Integration is Success]</name>
                    <title>WOP to MP Integration is Success</title>
                    <attachments/>
                    <steps/>
                </step>
                <step start="1597653357845" stop="1597653357845" status="passed">
                    <name>logStep[WOP to MP Integration Data:RLA169547.2]</name>
                    <title>WOP to MP Integration Data:RLA169547.2</title>
                    <attachments/>
                    <steps/>
                </step>
            </steps>
            <attachments/>
            <labels>
                <label name="testSuite" value="Suite"/>
                <label name="testGroup" value="Testclasess"/>
                <label name="testClass" value="com.amc.Testclasess.execute.MPEpisodeVersionTest"/>
                <label name="testMethod" value="MPEpisodeVersionIntegrationTest"/>
                <label name="story" value="MP"/>
                <label name="feature" value="Long Form Data Integration"/>
                <label name="host" value="MONO-HYD-LAP-41"/>
                <label name="thread" value="15244@MONO-HYD-LAP-41.main(1)"/>
            </labels>
        </test-case>
        <test-case start="1597653438436" stop="1597653438454" status="passed">
            <name>ValidateProductionModeTest</name>
            <title>Validate Production Mode Field</title>
            <steps>
                <step start="1597653438454" stop="1597653438454" status="passed">
                    <name>logStep[WOP Data [ ProductionMode:Unscripted ] Matched With MP Data [ ProductionMode:Unscripted ] ]</name>
                    <title>WOP Data [ ProductionMode:Unscripted ] Matched With MP Data [ ProductionMode:Unscripted ] </title>
                    <attachments/>
                    <steps/>
                </step>
            </steps>
            <attachments/>
            <labels>
                <label name="testSuite" value="Suite"/>
                <label name="testGroup" value="Testclasess"/>
                <label name="testClass" value="com.amc.Testclasess.execute.WOP_MPComparisionTest"/>
                <label name="testMethod" value="ValidateProductionModeTest"/>
                <label name="story" value="WOP to MP Data Validations"/>
                <label name="feature" value="Long Form Data Integration"/>
                <label name="host" value="MONO-HYD-LAP-41"/>
                <label name="thread" value="15244@MONO-HYD-LAP-41.main(1)"/>
            </labels>
        </test-case>
        <test-case start="1597653438455" stop="1597653438465" status="failed">
            <name>ValidateExpectedDurationTest</name>
            <title>Validate Expected Duration Field</title>
            <failure>
                <message>AssertionError: The following asserts failed:
	ExpectedDuration:30:00 --- Not Matched with --- [AssetSource:Original, Distributor:"Film Garden Entertainment, Inc. 1", Title:Platinum Weddings: 04-006: Jaimie &amp; Gregg, AMCNID:RLA169547.2, ShowType:Series, ProductionMode:Unscripted, Origin:Owned, SecurityStatus:Open, EditRestricted:Non Restricted (NR), EpisodeVersionType:Open, Ownernetwork:Open, Supplier:Miramax, EpisodeNumber:04-006, AiringOrder:402, ExpectedDuration:00:30:00]</message>
                <stack-trace>java.lang.AssertionError: The following asserts failed:
	ExpectedDuration:30:00 --- Not Matched with --- [AssetSource:Original, Distributor:"Film Garden Entertainment, Inc. 1", Title:Platinum Weddings: 04-006: Jaimie &amp; Gregg, AMCNID:RLA169547.2, ShowType:Series, ProductionMode:Unscripted, Origin:Owned, SecurityStatus:Open, EditRestricted:Non Restricted (NR), EpisodeVersionType:Open, Ownernetwork:Open, Supplier:Miramax, EpisodeNumber:04-006, AiringOrder:402, ExpectedDuration:00:30:00]
	at org.testng.asserts.SoftAssert.assertAll(SoftAssert.java:43)
	at com.amc.txrepo.WOP_MP_Comparision.WOPtoMPDataComparisions(WOP_MP_Comparision.java:82)
	at com.amc.Testclasess.execute.WOP_MPComparisionTest.ValidateExpectedDurationTest(WOP_MPComparisionTest.java:36)
	at sun.reflect.NativeMethodAccessorImpl.invoke0(Native Method)
	at sun.reflect.NativeMethodAccessorImpl.invoke(NativeMethodAccessorImpl.java:62)
	at sun.reflect.DelegatingMethodAccessorImpl.invoke(DelegatingMethodAccessorImpl.java:43)
	at java.lang.reflect.Method.invoke(Method.java:498)
	at org.testng.internal.MethodInvocationHelper.invokeMethod(MethodInvocationHelper.java:124)
	at org.testng.internal.Invoker.invokeMethod(Invoker.java:583)
	at org.testng.internal.Invoker.invokeTestMethod(Invoker.java:719)
	at org.testng.internal.Invoker.invokeTestMethods(Invoker.java:989)
	at org.testng.internal.TestMethodWorker.invokeTestMethods(TestMethodWorker.java:125)
	at org.testng.internal.TestMethodWorker.run(TestMethodWorker.java:109)
	at org.testng.TestRunner.privateRun(TestRunner.java:648)
	at org.testng.TestRunner.run(TestRunner.java:505)
	at org.testng.SuiteRunner.runTest(SuiteRunner.java:455)
	at org.testng.SuiteRunner.runSequentially(SuiteRunner.java:450)
	at org.testng.SuiteRunner.privateRun(SuiteRunner.java:415)
	at org.testng.SuiteRunner.run(SuiteRunner.java:364)
	at org.testng.SuiteRunnerWorker.runSuite(SuiteRunnerWorker.java:52)
	at org.testng.SuiteRunnerWorker.run(SuiteRunnerWorker.java:84)
	at org.testng.TestNG.runSuitesSequentially(TestNG.java:1208)
	at org.testng.TestNG.runSuitesLocally(TestNG.java:1137)
	at org.testng.TestNG.runSuites(TestNG.java:1049)
	at org.testng.TestNG.run(TestNG.java:1017)
	at com.amc.testcases.DynamicTestNG.runTestNGTest(DynamicTestNG.java:87)
	at com.amc.testcases.DynamicTestNG.ExecuteScripts(DynamicTestNG.java:97)
	at sun.reflect.NativeMethodAccessorImpl.invoke0(Native Method)
	at sun.reflect.NativeMethodAccessorImpl.invoke(NativeMethodAccessorImpl.java:62)
	at sun.reflect.DelegatingMethodAccessorImpl.invoke(DelegatingMethodAccessorImpl.java:43)
	at java.lang.reflect.Method.invoke(Method.java:498)
	at org.testng.internal.MethodInvocationHelper.invokeMethod(MethodInvocationHelper.java:124)
	at org.testng.internal.Invoker.invokeMethod(Invoker.java:583)
	at org.testng.internal.Invoker.invokeTestMethod(Invoker.java:719)
	at org.testng.internal.Invoker.invokeTestMethods(Invoker.java:989)
	at org.testng.internal.TestMethodWorker.invokeTestMethods(TestMethodWorker.java:125)
	at org.testng.internal.TestMethodWorker.run(TestMethodWorker.java:109)
	at org.testng.TestRunner.privateRun(TestRunner.java:648)
	at org.testng.TestRunner.run(TestRunner.java:505)
	at org.testng.SuiteRunner.runTest(SuiteRunner.java:455)
	at org.testng.SuiteRunner.runSequentially(SuiteRunner.java:450)
	at org.testng.SuiteRunner.privateRun(SuiteRunner.java:415)
	at org.testng.SuiteRunner.run(SuiteRunner.java:364)
	at org.testng.SuiteRunnerWorker.runSuite(SuiteRunnerWorker.java:52)
	at org.testng.SuiteRunnerWorker.run(SuiteRunnerWorker.java:84)
	at org.testng.TestNG.runSuitesSequentially(TestNG.java:1208)
	at org.testng.TestNG.runSuitesLocally(TestNG.java:1137)
	at org.testng.TestNG.runSuites(TestNG.java:1049)
	at org.testng.TestNG.run(TestNG.java:1017)
	at org.apache.maven.surefire.testng.TestNGExecutor.run(TestNGExecutor.java:178)
	at org.apache.maven.surefire.testng.TestNGXmlTestSuite.execute(TestNGXmlTestSuite.java:92)
	at org.apache.maven.surefire.testng.TestNGProvider.invoke(TestNGProvider.java:96)
	at sun.reflect.NativeMethodAccessorImpl.invoke0(Native Method)
	at sun.reflect.NativeMethodAccessorImpl.invoke(NativeMethodAccessorImpl.java:62)
	at sun.reflect.DelegatingMethodAccessorImpl.invoke(DelegatingMethodAccessorImpl.java:43)
	at java.lang.reflect.Method.invoke(Method.java:498)
	at org.apache.maven.surefire.util.ReflectionUtils.invokeMethodWithArray2(ReflectionUtils.java:208)
	at org.apache.maven.surefire.booter.ProviderFactory$ProviderProxy.invoke(ProviderFactory.java:159)
	at org.apache.maven.surefire.booter.ProviderFactory.invokeProvider(ProviderFactory.java:87)
	at org.apache.maven.surefire.booter.ForkedBooter.runSuitesInProcess(ForkedBooter.java:153)
	at org.apache.maven.surefire.booter.ForkedBooter.main(ForkedBooter.java:95)
</stack-trace>
            </failure>
            <steps/>
            <attachments/>
            <labels>
                <label name="testSuite" value="Suite"/>
                <label name="testGroup" value="Testclasess"/>
                <label name="testClass" value="com.amc.Testclasess.execute.WOP_MPComparisionTest"/>
                <label name="testMethod" value="ValidateExpectedDurationTest"/>
                <label name="story" value="WOP to MP Data Validations"/>
                <label name="feature" value="Long Form Data Integration"/>
                <label name="host" value="MONO-HYD-LAP-41"/>
                <label name="thread" value="15244@MONO-HYD-LAP-41.main(1)"/>
            </labels>
        </test-case>
        <test-case start="1597653438466" stop="1597653438467" status="passed">
            <name>ValidateAssetSourceTest</name>
            <title>Validate AssetSource Field</title>
            <steps>
                <step start="1597653438467" stop="1597653438467" status="passed">
                    <name>logStep[WOP Data [ AssetSource:Original ] Matched With MP Data [ AssetSource:Original ] ]</name>
                    <title>WOP Data [ AssetSource:Original ] Matched With MP Data [ AssetSource:Original ] </title>
                    <attachments/>
                    <steps/>
                </step>
            </steps>
            <attachments/>
            <labels>
                <label name="testSuite" value="Suite"/>
                <label name="testGroup" value="Testclasess"/>
                <label name="testClass" value="com.amc.Testclasess.execute.WOP_MPComparisionTest"/>
                <label name="testMethod" value="ValidateAssetSourceTest"/>
                <label name="story" value="WOP to MP Data Validations"/>
                <label name="feature" value="Long Form Data Integration"/>
                <label name="host" value="MONO-HYD-LAP-41"/>
                <label name="thread" value="15244@MONO-HYD-LAP-41.main(1)"/>
            </labels>
        </test-case>
        <test-case start="1597653438468" stop="1597653438469" status="passed">
            <name>ValidateEpisodeNumberTest</name>
            <title>Validate EpisodeNumber Field</title>
            <steps>
                <step start="1597653438468" stop="1597653438469" status="passed">
                    <name>logStep[WOP Data [ EpisodeNumber:04-006 ] Matched With MP Data [ EpisodeNumber:04-006 ] ]</name>
                    <title>WOP Data [ EpisodeNumber:04-006 ] Matched With MP Data [ EpisodeNumber:04-006 ] </title>
                    <attachments/>
                    <steps/>
                </step>
            </steps>
            <attachments/>
            <labels>
                <label name="testSuite" value="Suite"/>
                <label name="testGroup" value="Testclasess"/>
                <label name="testClass" value="com.amc.Testclasess.execute.WOP_MPComparisionTest"/>
                <label name="testMethod" value="ValidateEpisodeNumberTest"/>
                <label name="story" value="WOP to MP Data Validations"/>
                <label name="feature" value="Long Form Data Integration"/>
                <label name="host" value="MONO-HYD-LAP-41"/>
                <label name="thread" value="15244@MONO-HYD-LAP-41.main(1)"/>
            </labels>
        </test-case>
        <test-case start="1597653438470" stop="1597653438471" status="passed">
            <name>ValidateAiringOrderTest</name>
            <title>Validate AiringOrder Field</title>
            <steps>
                <step start="1597653438471" stop="1597653438471" status="passed">
                    <name>logStep[WOP Data [ AiringOrder:402 ] Matched With MP Data [ AiringOrder:402 ] ]</name>
                    <title>WOP Data [ AiringOrder:402 ] Matched With MP Data [ AiringOrder:402 ] </title>
                    <attachments/>
                    <steps/>
                </step>
            </steps>
            <attachments/>
            <labels>
                <label name="testSuite" value="Suite"/>
                <label name="testGroup" value="Testclasess"/>
                <label name="testClass" value="com.amc.Testclasess.execute.WOP_MPComparisionTest"/>
                <label name="testMethod" value="ValidateAiringOrderTest"/>
                <label name="story" value="WOP to MP Data Validations"/>
                <label name="feature" value="Long Form Data Integration"/>
                <label name="host" value="MONO-HYD-LAP-41"/>
                <label name="thread" value="15244@MONO-HYD-LAP-41.main(1)"/>
            </labels>
        </test-case>
        <test-case start="1597653438474" stop="1597653438475" status="passed">
            <name>ValidateShowTypeTest</name>
            <title>Validate ShowType Field</title>
            <steps>
                <step start="1597653438475" stop="1597653438475" status="passed">
                    <name>logStep[WOP Data [ ShowType:Series ] Matched With MP Data [ ShowType:Series ] ]</name>
                    <title>WOP Data [ ShowType:Series ] Matched With MP Data [ ShowType:Series ] </title>
                    <attachments/>
                    <steps/>
                </step>
            </steps>
            <attachments/>
            <labels>
                <label name="testSuite" value="Suite"/>
                <label name="testGroup" value="Testclasess"/>
                <label name="testClass" value="com.amc.Testclasess.execute.WOP_MPComparisionTest"/>
                <label name="testMethod" value="ValidateShowTypeTest"/>
                <label name="story" value="WOP to MP Data Validations"/>
                <label name="feature" value="Long Form Data Integration"/>
                <label name="host" value="MONO-HYD-LAP-41"/>
                <label name="thread" value="15244@MONO-HYD-LAP-41.main(1)"/>
            </labels>
        </test-case>
        <test-case start="1597653438477" stop="1597653438478" status="passed">
            <name>ValidateDistributorTest</name>
            <title>Validate Distributor Field</title>
            <steps>
                <step start="1597653438478" stop="1597653438478" status="passed">
                    <name>logStep[WOP Data [ Distributor:"Film Garden Entertainment, Inc. 1" ] Matched With MP Data [ Distributor:"Film Garden Ent...]</name>
                    <title>WOP Data [ Distributor:"Film Garden Entertainment, Inc. 1" ] Matched With MP Data [ Distributor:"Film Garden Entertainme...</title>
                    <attachments/>
                    <steps/>
                </step>
            </steps>
            <attachments/>
            <labels>
                <label name="testSuite" value="Suite"/>
                <label name="testGroup" value="Testclasess"/>
                <label name="testClass" value="com.amc.Testclasess.execute.WOP_MPComparisionTest"/>
                <label name="testMethod" value="ValidateDistributorTest"/>
                <label name="story" value="WOP to MP Data Validations"/>
                <label name="feature" value="Long Form Data Integration"/>
                <label name="host" value="MONO-HYD-LAP-41"/>
                <label name="thread" value="15244@MONO-HYD-LAP-41.main(1)"/>
            </labels>
        </test-case>
        <test-case start="1597653438479" stop="1597653438480" status="passed">
            <name>ValidateSecurityStatusTest</name>
            <title>Validate SecurityStatus Field</title>
            <steps>
                <step start="1597653438480" stop="1597653438480" status="passed">
                    <name>logStep[WOP Data [ SecurityStatus:Open ] Matched With MP Data [ SecurityStatus:Open ] ]</name>
                    <title>WOP Data [ SecurityStatus:Open ] Matched With MP Data [ SecurityStatus:Open ] </title>
                    <attachments/>
                    <steps/>
                </step>
            </steps>
            <attachments/>
            <labels>
                <label name="testSuite" value="Suite"/>
                <label name="testGroup" value="Testclasess"/>
                <label name="testClass" value="com.amc.Testclasess.execute.WOP_MPComparisionTest"/>
                <label name="testMethod" value="ValidateSecurityStatusTest"/>
                <label name="story" value="WOP to MP Data Validations"/>
                <label name="feature" value="Long Form Data Integration"/>
                <label name="host" value="MONO-HYD-LAP-41"/>
                <label name="thread" value="15244@MONO-HYD-LAP-41.main(1)"/>
            </labels>
        </test-case>
        <test-case start="1597653438481" stop="1597653438483" status="passed">
            <name>ValidateEditRestrictedTest</name>
            <title>Validate EditRestricted Field</title>
            <steps>
                <step start="1597653438483" stop="1597653438483" status="passed">
                    <name>logStep[WOP Data [ EditRestricted:Non Restricted (NR) ] Matched With MP Data [ EditRestricted:Non Restricted (NR) ] ]</name>
                    <title>WOP Data [ EditRestricted:Non Restricted (NR) ] Matched With MP Data [ EditRestricted:Non Restricted (NR) ] </title>
                    <attachments/>
                    <steps/>
                </step>
            </steps>
            <attachments/>
            <labels>
                <label name="testSuite" value="Suite"/>
                <label name="testGroup" value="Testclasess"/>
                <label name="testClass" value="com.amc.Testclasess.execute.WOP_MPComparisionTest"/>
                <label name="testMethod" value="ValidateEditRestrictedTest"/>
                <label name="story" value="WOP to MP Data Validations"/>
                <label name="feature" value="Long Form Data Integration"/>
                <label name="host" value="MONO-HYD-LAP-41"/>
                <label name="thread" value="15244@MONO-HYD-LAP-41.main(1)"/>
            </labels>
        </test-case>
        <test-case start="1597653438484" stop="1597653438485" status="failed">
            <name>ValidateOwnernetworkTest</name>
            <title>Validate Ownernetwork Field</title>
            <failure>
                <message>AssertionError: The following asserts failed:
	Ownernetwork:WE --- Not Matched with --- [AssetSource:Original, Distributor:"Film Garden Entertainment, Inc. 1", Title:Platinum Weddings: 04-006: Jaimie &amp; Gregg, AMCNID:RLA169547.2, ShowType:Series, ProductionMode:Unscripted, Origin:Owned, SecurityStatus:Open, EditRestricted:Non Restricted (NR), EpisodeVersionType:Open, Ownernetwork:Open, Supplier:Miramax, EpisodeNumber:04-006, AiringOrder:402, ExpectedDuration:00:30:00]</message>
                <stack-trace>java.lang.AssertionError: The following asserts failed:
	Ownernetwork:WE --- Not Matched with --- [AssetSource:Original, Distributor:"Film Garden Entertainment, Inc. 1", Title:Platinum Weddings: 04-006: Jaimie &amp; Gregg, AMCNID:RLA169547.2, ShowType:Series, ProductionMode:Unscripted, Origin:Owned, SecurityStatus:Open, EditRestricted:Non Restricted (NR), EpisodeVersionType:Open, Ownernetwork:Open, Supplier:Miramax, EpisodeNumber:04-006, AiringOrder:402, ExpectedDuration:00:30:00]
	at org.testng.asserts.SoftAssert.assertAll(SoftAssert.java:43)
	at com.amc.txrepo.WOP_MP_Comparision.WOPtoMPDataComparisions(WOP_MP_Comparision.java:82)
	at com.amc.Testclasess.execute.WOP_MPComparisionTest.ValidateOwnernetworkTest(WOP_MPComparisionTest.java:144)
	at sun.reflect.NativeMethodAccessorImpl.invoke0(Native Method)
	at sun.reflect.NativeMethodAccessorImpl.invoke(NativeMethodAccessorImpl.java:62)
	at sun.reflect.DelegatingMethodAccessorImpl.invoke(DelegatingMethodAccessorImpl.java:43)
	at java.lang.reflect.Method.invoke(Method.java:498)
	at org.testng.internal.MethodInvocationHelper.invokeMethod(MethodInvocationHelper.java:124)
	at org.testng.internal.Invoker.invokeMethod(Invoker.java:583)
	at org.testng.internal.Invoker.invokeTestMethod(Invoker.java:719)
	at org.testng.internal.Invoker.invokeTestMethods(Invoker.java:989)
	at org.testng.internal.TestMethodWorker.invokeTestMethods(TestMethodWorker.java:125)
	at org.testng.internal.TestMethodWorker.run(TestMethodWorker.java:109)
	at org.testng.TestRunner.privateRun(TestRunner.java:648)
	at org.testng.TestRunner.run(TestRunner.java:505)
	at org.testng.SuiteRunner.runTest(SuiteRunner.java:455)
	at org.testng.SuiteRunner.runSequentially(SuiteRunner.java:450)
	at org.testng.SuiteRunner.privateRun(SuiteRunner.java:415)
	at org.testng.SuiteRunner.run(SuiteRunner.java:364)
	at org.testng.SuiteRunnerWorker.runSuite(SuiteRunnerWorker.java:52)
	at org.testng.SuiteRunnerWorker.run(SuiteRunnerWorker.java:84)
	at org.testng.TestNG.runSuitesSequentially(TestNG.java:1208)
	at org.testng.TestNG.runSuitesLocally(TestNG.java:1137)
	at org.testng.TestNG.runSuites(TestNG.java:1049)
	at org.testng.TestNG.run(TestNG.java:1017)
	at com.amc.testcases.DynamicTestNG.runTestNGTest(DynamicTestNG.java:87)
	at com.amc.testcases.DynamicTestNG.ExecuteScripts(DynamicTestNG.java:97)
	at sun.reflect.NativeMethodAccessorImpl.invoke0(Native Method)
	at sun.reflect.NativeMethodAccessorImpl.invoke(NativeMethodAccessorImpl.java:62)
	at sun.reflect.DelegatingMethodAccessorImpl.invoke(DelegatingMethodAccessorImpl.java:43)
	at java.lang.reflect.Method.invoke(Method.java:498)
	at org.testng.internal.MethodInvocationHelper.invokeMethod(MethodInvocationHelper.java:124)
	at org.testng.internal.Invoker.invokeMethod(Invoker.java:583)
	at org.testng.internal.Invoker.invokeTestMethod(Invoker.java:719)
	at org.testng.internal.Invoker.invokeTestMethods(Invoker.java:989)
	at org.testng.internal.TestMethodWorker.invokeTestMethods(TestMethodWorker.java:125)
	at org.testng.internal.TestMethodWorker.run(TestMethodWorker.java:109)
	at org.testng.TestRunner.privateRun(TestRunner.java:648)
	at org.testng.TestRunner.run(TestRunner.java:505)
	at org.testng.SuiteRunner.runTest(SuiteRunner.java:455)
	at org.testng.SuiteRunner.runSequentially(SuiteRunner.java:450)
	at org.testng.SuiteRunner.privateRun(SuiteRunner.java:415)
	at org.testng.SuiteRunner.run(SuiteRunner.java:364)
	at org.testng.SuiteRunnerWorker.runSuite(SuiteRunnerWorker.java:52)
	at org.testng.SuiteRunnerWorker.run(SuiteRunnerWorker.java:84)
	at org.testng.TestNG.runSuitesSequentially(TestNG.java:1208)
	at org.testng.TestNG.runSuitesLocally(TestNG.java:1137)
	at org.testng.TestNG.runSuites(TestNG.java:1049)
	at org.testng.TestNG.run(TestNG.java:1017)
	at org.apache.maven.surefire.testng.TestNGExecutor.run(TestNGExecutor.java:178)
	at org.apache.maven.surefire.testng.TestNGXmlTestSuite.execute(TestNGXmlTestSuite.java:92)
	at org.apache.maven.surefire.testng.TestNGProvider.invoke(TestNGProvider.java:96)
	at sun.reflect.NativeMethodAccessorImpl.invoke0(Native Method)
	at sun.reflect.NativeMethodAccessorImpl.invoke(NativeMethodAccessorImpl.java:62)
	at sun.reflect.DelegatingMethodAccessorImpl.invoke(DelegatingMethodAccessorImpl.java:43)
	at java.lang.reflect.Method.invoke(Method.java:498)
	at org.apache.maven.surefire.util.ReflectionUtils.invokeMethodWithArray2(ReflectionUtils.java:208)
	at org.apache.maven.surefire.booter.ProviderFactory$ProviderProxy.invoke(ProviderFactory.java:159)
	at org.apache.maven.surefire.booter.ProviderFactory.invokeProvider(ProviderFactory.java:87)
	at org.apache.maven.surefire.booter.ForkedBooter.runSuitesInProcess(ForkedBooter.java:153)
	at org.apache.maven.surefire.booter.ForkedBooter.main(ForkedBooter.java:95)
</stack-trace>
            </failure>
            <steps/>
            <attachments/>
            <labels>
                <label name="testSuite" value="Suite"/>
                <label name="testGroup" value="Testclasess"/>
                <label name="testClass" value="com.amc.Testclasess.execute.WOP_MPComparisionTest"/>
                <label name="testMethod" value="ValidateOwnernetworkTest"/>
                <label name="story" value="WOP to MP Data Validations"/>
                <label name="feature" value="Long Form Data Integration"/>
                <label name="host" value="MONO-HYD-LAP-41"/>
                <label name="thread" value="15244@MONO-HYD-LAP-41.main(1)"/>
            </labels>
        </test-case>
        <test-case start="1597653438486" stop="1597653438487" status="passed">
            <name>ValidateOriginTest</name>
            <title>Validate Origin Field</title>
            <steps>
                <step start="1597653438487" stop="1597653438487" status="passed">
                    <name>logStep[WOP Data [ Origin:Owned ] Matched With MP Data [ Origin:Owned ] ]</name>
                    <title>WOP Data [ Origin:Owned ] Matched With MP Data [ Origin:Owned ] </title>
                    <attachments/>
                    <steps/>
                </step>
            </steps>
            <attachments/>
            <labels>
                <label name="testSuite" value="Suite"/>
                <label name="testGroup" value="Testclasess"/>
                <label name="testClass" value="com.amc.Testclasess.execute.WOP_MPComparisionTest"/>
                <label name="testMethod" value="ValidateOriginTest"/>
                <label name="story" value="WOP to MP Data Validations"/>
                <label name="feature" value="Long Form Data Integration"/>
                <label name="host" value="MONO-HYD-LAP-41"/>
                <label name="thread" value="15244@MONO-HYD-LAP-41.main(1)"/>
            </labels>
        </test-case>
        <test-case start="1597653438488" stop="1597653438489" status="passed">
            <name>ValidateTitleTest</name>
            <title>Validate Title Field</title>
            <steps>
                <step start="1597653438489" stop="1597653438489" status="passed">
                    <name>logStep[WOP Data [ Title:Platinum Weddings: 04-006: Jaimie &amp; Gregg ] Matched With MP Data [ Title:Platinum Weddings: 04-...]</name>
                    <title>WOP Data [ Title:Platinum Weddings: 04-006: Jaimie &amp; Gregg ] Matched With MP Data [ Title:Platinum Weddings: 04-006: Jai...</title>
                    <attachments/>
                    <steps/>
                </step>
            </steps>
            <attachments/>
            <labels>
                <label name="testSuite" value="Suite"/>
                <label name="testGroup" value="Testclasess"/>
                <label name="testClass" value="com.amc.Testclasess.execute.WOP_MPComparisionTest"/>
                <label name="testMethod" value="ValidateTitleTest"/>
                <label name="story" value="WOP to MP Data Validations"/>
                <label name="feature" value="Long Form Data Integration"/>
                <label name="host" value="MONO-HYD-LAP-41"/>
                <label name="thread" value="15244@MONO-HYD-LAP-41.main(1)"/>
            </labels>
        </test-case>
        <test-case start="1597653438490" stop="1597653438492" status="failed">
            <name>ValidateEpisodeVersionTypeTest</name>
            <title>Validate EpisodeVersion Type Field</title>
            <failure>
                <message>AssertionError: The following asserts failed:
	EpisodeVersionType:Platinum Weddings: 04-006: Jaimie &amp; Gregg --- Not Matched with --- [AssetSource:Original, Distributor:"Film Garden Entertainment, Inc. 1", Title:Platinum Weddings: 04-006: Jaimie &amp; Gregg, AMCNID:RLA169547.2, ShowType:Series, ProductionMode:Unscripted, Origin:Owned, SecurityStatus:Open, EditRestricted:Non Restricted (NR), EpisodeVersionType:Open, Ownernetwork:Open, Supplier:Miramax, EpisodeNumber:04-006, AiringOrder:402, ExpectedDuration:00:30:00]</message>
                <stack-trace>java.lang.AssertionError: The following asserts failed:
	EpisodeVersionType:Platinum Weddings: 04-006: Jaimie &amp; Gregg --- Not Matched with --- [AssetSource:Original, Distributor:"Film Garden Entertainment, Inc. 1", Title:Platinum Weddings: 04-006: Jaimie &amp; Gregg, AMCNID:RLA169547.2, ShowType:Series, ProductionMode:Unscripted, Origin:Owned, SecurityStatus:Open, EditRestricted:Non Restricted (NR), EpisodeVersionType:Open, Ownernetwork:Open, Supplier:Miramax, EpisodeNumber:04-006, AiringOrder:402, ExpectedDuration:00:30:00]
	at org.testng.asserts.SoftAssert.assertAll(SoftAssert.java:43)
	at com.amc.txrepo.WOP_MP_Comparision.WOPtoMPDataComparisions(WOP_MP_Comparision.java:82)
	at com.amc.Testclasess.execute.WOP_MPComparisionTest.ValidateEpisodeVersionTypeTest(WOP_MPComparisionTest.java:183)
	at sun.reflect.NativeMethodAccessorImpl.invoke0(Native Method)
	at sun.reflect.NativeMethodAccessorImpl.invoke(NativeMethodAccessorImpl.java:62)
	at sun.reflect.DelegatingMethodAccessorImpl.invoke(DelegatingMethodAccessorImpl.java:43)
	at java.lang.reflect.Method.invoke(Method.java:498)
	at org.testng.internal.MethodInvocationHelper.invokeMethod(MethodInvocationHelper.java:124)
	at org.testng.internal.Invoker.invokeMethod(Invoker.java:583)
	at org.testng.internal.Invoker.invokeTestMethod(Invoker.java:719)
	at org.testng.internal.Invoker.invokeTestMethods(Invoker.java:989)
	at org.testng.internal.TestMethodWorker.invokeTestMethods(TestMethodWorker.java:125)
	at org.testng.internal.TestMethodWorker.run(TestMethodWorker.java:109)
	at org.testng.TestRunner.privateRun(TestRunner.java:648)
	at org.testng.TestRunner.run(TestRunner.java:505)
	at org.testng.SuiteRunner.runTest(SuiteRunner.java:455)
	at org.testng.SuiteRunner.runSequentially(SuiteRunner.java:450)
	at org.testng.SuiteRunner.privateRun(SuiteRunner.java:415)
	at org.testng.SuiteRunner.run(SuiteRunner.java:364)
	at org.testng.SuiteRunnerWorker.runSuite(SuiteRunnerWorker.java:52)
	at org.testng.SuiteRunnerWorker.run(SuiteRunnerWorker.java:84)
	at org.testng.TestNG.runSuitesSequentially(TestNG.java:1208)
	at org.testng.TestNG.runSuitesLocally(TestNG.java:1137)
	at org.testng.TestNG.runSuites(TestNG.java:1049)
	at org.testng.TestNG.run(TestNG.java:1017)
	at com.amc.testcases.DynamicTestNG.runTestNGTest(DynamicTestNG.java:87)
	at com.amc.testcases.DynamicTestNG.ExecuteScripts(DynamicTestNG.java:97)
	at sun.reflect.NativeMethodAccessorImpl.invoke0(Native Method)
	at sun.reflect.NativeMethodAccessorImpl.invoke(NativeMethodAccessorImpl.java:62)
	at sun.reflect.DelegatingMethodAccessorImpl.invoke(DelegatingMethodAccessorImpl.java:43)
	at java.lang.reflect.Method.invoke(Method.java:498)
	at org.testng.internal.MethodInvocationHelper.invokeMethod(MethodInvocationHelper.java:124)
	at org.testng.internal.Invoker.invokeMethod(Invoker.java:583)
	at org.testng.internal.Invoker.invokeTestMethod(Invoker.java:719)
	at org.testng.internal.Invoker.invokeTestMethods(Invoker.java:989)
	at org.testng.internal.TestMethodWorker.invokeTestMethods(TestMethodWorker.java:125)
	at org.testng.internal.TestMethodWorker.run(TestMethodWorker.java:109)
	at org.testng.TestRunner.privateRun(TestRunner.java:648)
	at org.testng.TestRunner.run(TestRunner.java:505)
	at org.testng.SuiteRunner.runTest(SuiteRunner.java:455)
	at org.testng.SuiteRunner.runSequentially(SuiteRunner.java:450)
	at org.testng.SuiteRunner.privateRun(SuiteRunner.java:415)
	at org.testng.SuiteRunner.run(SuiteRunner.java:364)
	at org.testng.SuiteRunnerWorker.runSuite(SuiteRunnerWorker.java:52)
	at org.testng.SuiteRunnerWorker.run(SuiteRunnerWorker.java:84)
	at org.testng.TestNG.runSuitesSequentially(TestNG.java:1208)
	at org.testng.TestNG.runSuitesLocally(TestNG.java:1137)
	at org.testng.TestNG.runSuites(TestNG.java:1049)
	at org.testng.TestNG.run(TestNG.java:1017)
	at org.apache.maven.surefire.testng.TestNGExecutor.run(TestNGExecutor.java:178)
	at org.apache.maven.surefire.testng.TestNGXmlTestSuite.execute(TestNGXmlTestSuite.java:92)
	at org.apache.maven.surefire.testng.TestNGProvider.invoke(TestNGProvider.java:96)
	at sun.reflect.NativeMethodAccessorImpl.invoke0(Native Method)
	at sun.reflect.NativeMethodAccessorImpl.invoke(NativeMethodAccessorImpl.java:62)
	at sun.reflect.DelegatingMethodAccessorImpl.invoke(DelegatingMethodAccessorImpl.java:43)
	at java.lang.reflect.Method.invoke(Method.java:498)
	at org.apache.maven.surefire.util.ReflectionUtils.invokeMethodWithArray2(ReflectionUtils.java:208)
	at org.apache.maven.surefire.booter.ProviderFactory$ProviderProxy.invoke(ProviderFactory.java:159)
	at org.apache.maven.surefire.booter.ProviderFactory.invokeProvider(ProviderFactory.java:87)
	at org.apache.maven.surefire.booter.ForkedBooter.runSuitesInProcess(ForkedBooter.java:153)
	at org.apache.maven.surefire.booter.ForkedBooter.main(ForkedBooter.java:95)
</stack-trace>
            </failure>
            <steps/>
            <attachments/>
            <labels>
                <label name="testSuite" value="Suite"/>
                <label name="testGroup" value="Testclasess"/>
                <label name="testClass" value="com.amc.Testclasess.execute.WOP_MPComparisionTest"/>
                <label name="testMethod" value="ValidateEpisodeVersionTypeTest"/>
                <label name="story" value="WOP to MP Data Validations"/>
                <label name="feature" value="Long Form Data Integration"/>
                <label name="host" value="MONO-HYD-LAP-41"/>
                <label name="thread" value="15244@MONO-HYD-LAP-41.main(1)"/>
            </labels>
        </test-case>
        <test-case start="1597653438493" stop="1597653438495" status="passed">
            <name>ValidateAMCNIDTest</name>
            <title>Validate AMCNID Field</title>
            <steps>
                <step start="1597653438495" stop="1597653438495" status="passed">
                    <name>logStep[WOP Data [ AMCNID:RLA169547.2 ] Matched With MP Data [ AMCNID:RLA169547.2 ] ]</name>
                    <title>WOP Data [ AMCNID:RLA169547.2 ] Matched With MP Data [ AMCNID:RLA169547.2 ] </title>
                    <attachments/>
                    <steps/>
                </step>
            </steps>
            <attachments/>
            <labels>
                <label name="testSuite" value="Suite"/>
                <label name="testGroup" value="Testclasess"/>
                <label name="testClass" value="com.amc.Testclasess.execute.WOP_MPComparisionTest"/>
                <label name="testMethod" value="ValidateAMCNIDTest"/>
                <label name="story" value="WOP to MP Data Validations"/>
                <label name="feature" value="Long Form Data Integration"/>
                <label name="host" value="MONO-HYD-LAP-41"/>
                <label name="thread" value="15244@MONO-HYD-LAP-41.main(1)"/>
            </labels>
        </test-case>
        <test-case start="1597653438496" stop="1597653438497" status="passed">
            <name>ValidateSupplierTest</name>
            <title>Validate Supplier Field</title>
            <steps>
                <step start="1597653438497" stop="1597653438497" status="passed">
                    <name>logStep[WOP Data [ Supplier:Miramax ] Matched With MP Data [ Supplier:Miramax ] ]</name>
                    <title>WOP Data [ Supplier:Miramax ] Matched With MP Data [ Supplier:Miramax ] </title>
                    <attachments/>
                    <steps/>
                </step>
            </steps>
            <attachments/>
            <labels>
                <label name="testSuite" value="Suite"/>
                <label name="testGroup" value="Testclasess"/>
                <label name="testClass" value="com.amc.Testclasess.execute.WOP_MPComparisionTest"/>
                <label name="testMethod" value="ValidateSupplierTest"/>
                <label name="story" value="WOP to MP Data Validations"/>
                <label name="feature" value="Long Form Data Integration"/>
                <label name="host" value="MONO-HYD-LAP-41"/>
                <label name="thread" value="15244@MONO-HYD-LAP-41.main(1)"/>
            </labels>
        </test-case>
    </test-cases>
    <labels>
        <label name="framework" value="TestNG"/>
        <label name="language" value="JAVA"/>
    </labels>
</ns2:test-suite>
