<?xml version="1.0" encoding="UTF-8"?>
<!-- Generated by org.testng.reporters.JUnitReportReporter -->
<testsuite skipped="0" hostname="MONO-HYD-LAP-41" name="com.amc.Testclasess.execute.WOP_MPComparisionTest" tests="15" failures="3" timestamp="17 Aug 2020 08:37:19 GMT" time="0.051" errors="0">
  <testcase name="ValidateProductionModeTest" time="0.020" classname="com.amc.Testclasess.execute.WOP_MPComparisionTest"/>
  <testcase name="ValidateExpectedDurationTest" time="0.004" classname="com.amc.Testclasess.execute.WOP_MPComparisionTest">
    <failure type="java.lang.AssertionError" message="The following asserts failed:
	ExpectedDuration:30:00 --- Not Matched with --- [AssetSource:Original, Distributor:&quot;Film Garden Entertainment, Inc. 1&quot;, Title:Platinum Weddings: 04-006: Jaimie &amp; Gregg, AMCNID:RLA169547.2, ShowType:Series, ProductionMode:Unscripted, Origin:Owned, SecurityStatus:Open, EditRestricted:Non Restricted (NR), EpisodeVersionType:Open, Ownernetwork:Open, Supplier:Miramax, EpisodeNumber:04-006, AiringOrder:402, ExpectedDuration:00:30:00]">
      <![CDATA[java.lang.AssertionError: The following asserts failed:
ExpectedDuration:30:00 --- Not Matched with --- [AssetSource:Original, Distributor:"Film Garden Entertainment, Inc. 1", Title:Platinum Weddings: 04-006: Jaimie & Gregg, AMCNID:RLA169547.2, ShowType:Series, ProductionMode:Unscripted, Origin:Owned, SecurityStatus:Open, EditRestricted:Non Restricted (NR), EpisodeVersionType:Open, Ownernetwork:Open, Supplier:Miramax, EpisodeNumber:04-006, AiringOrder:402, ExpectedDuration:00:30:00]
at org.testng.asserts.SoftAssert.assertAll(SoftAssert.java:43)
at com.amc.txrepo.WOP_MP_Comparision.WOPtoMPDataComparisions(WOP_MP_Comparision.java:82)
at com.amc.Testclasess.execute.WOP_MPComparisionTest.ValidateExpectedDurationTest(WOP_MPComparisionTest.java:36)
at sun.reflect.NativeMethodAccessorImpl.invoke0(Native Method)
at sun.reflect.NativeMethodAccessorImpl.invoke(NativeMethodAccessorImpl.java:62)
at sun.reflect.DelegatingMethodAccessorImpl.invoke(DelegatingMethodAccessorImpl.java:43)
at java.lang.reflect.Method.invoke(Method.java:498)
at org.testng.internal.MethodInvocationHelper.invokeMethod(MethodInvocationHelper.java:124)
at org.testng.internal.Invoker.invokeMethod(Invoker.java:583)
at org.testng.internal.Invoker.invokeTestMethod(Invoker.java:719)
at org.testng.internal.Invoker.invokeTestMethods(Invoker.java:989)
at org.testng.internal.TestMethodWorker.invokeTestMethods(TestMethodWorker.java:125)
at org.testng.internal.TestMethodWorker.run(TestMethodWorker.java:109)
at org.testng.TestRunner.privateRun(TestRunner.java:648)
at org.testng.TestRunner.run(TestRunner.java:505)
at org.testng.SuiteRunner.runTest(SuiteRunner.java:455)
at org.testng.SuiteRunner.runSequentially(SuiteRunner.java:450)
at org.testng.SuiteRunner.privateRun(SuiteRunner.java:415)
at org.testng.SuiteRunner.run(SuiteRunner.java:364)
at org.testng.SuiteRunnerWorker.runSuite(SuiteRunnerWorker.java:52)
at org.testng.SuiteRunnerWorker.run(SuiteRunnerWorker.java:84)
at org.testng.TestNG.runSuitesSequentially(TestNG.java:1208)
at org.testng.TestNG.runSuitesLocally(TestNG.java:1137)
at org.testng.TestNG.runSuites(TestNG.java:1049)
at org.testng.TestNG.run(TestNG.java:1017)
at com.amc.testcases.DynamicTestNG.runTestNGTest(DynamicTestNG.java:87)
at com.amc.testcases.DynamicTestNG.ExecuteScripts(DynamicTestNG.java:97)
at sun.reflect.NativeMethodAccessorImpl.invoke0(Native Method)
at sun.reflect.NativeMethodAccessorImpl.invoke(NativeMethodAccessorImpl.java:62)
at sun.reflect.DelegatingMethodAccessorImpl.invoke(DelegatingMethodAccessorImpl.java:43)
at java.lang.reflect.Method.invoke(Method.java:498)
at org.testng.internal.MethodInvocationHelper.invokeMethod(MethodInvocationHelper.java:124)
at org.testng.internal.Invoker.invokeMethod(Invoker.java:583)
at org.testng.internal.Invoker.invokeTestMethod(Invoker.java:719)
at org.testng.internal.Invoker.invokeTestMethods(Invoker.java:989)
at org.testng.internal.TestMethodWorker.invokeTestMethods(TestMethodWorker.java:125)
at org.testng.internal.TestMethodWorker.run(TestMethodWorker.java:109)
at org.testng.TestRunner.privateRun(TestRunner.java:648)
at org.testng.TestRunner.run(TestRunner.java:505)
at org.testng.SuiteRunner.runTest(SuiteRunner.java:455)
at org.testng.SuiteRunner.runSequentially(SuiteRunner.java:450)
at org.testng.SuiteRunner.privateRun(SuiteRunner.java:415)
at org.testng.SuiteRunner.run(SuiteRunner.java:364)
at org.testng.SuiteRunnerWorker.runSuite(SuiteRunnerWorker.java:52)
at org.testng.SuiteRunnerWorker.run(SuiteRunnerWorker.java:84)
at org.testng.TestNG.runSuitesSequentially(TestNG.java:1208)
at org.testng.TestNG.runSuitesLocally(TestNG.java:1137)
at org.testng.TestNG.runSuites(TestNG.java:1049)
at org.testng.TestNG.run(TestNG.java:1017)
at org.apache.maven.surefire.testng.TestNGExecutor.run(TestNGExecutor.java:178)
at org.apache.maven.surefire.testng.TestNGXmlTestSuite.execute(TestNGXmlTestSuite.java:92)
at org.apache.maven.surefire.testng.TestNGProvider.invoke(TestNGProvider.java:96)
at sun.reflect.NativeMethodAccessorImpl.invoke0(Native Method)
at sun.reflect.NativeMethodAccessorImpl.invoke(NativeMethodAccessorImpl.java:62)
at sun.reflect.DelegatingMethodAccessorImpl.invoke(DelegatingMethodAccessorImpl.java:43)
at java.lang.reflect.Method.invoke(Method.java:498)
at org.apache.maven.surefire.util.ReflectionUtils.invokeMethodWithArray2(ReflectionUtils.java:208)
at org.apache.maven.surefire.booter.ProviderFactory$ProviderProxy.invoke(ProviderFactory.java:159)
at org.apache.maven.surefire.booter.ProviderFactory.invokeProvider(ProviderFactory.java:87)
at org.apache.maven.surefire.booter.ForkedBooter.runSuitesInProcess(ForkedBooter.java:153)
at org.apache.maven.surefire.booter.ForkedBooter.main(ForkedBooter.java:95)
]]>
    </failure>
  </testcase> <!-- ValidateExpectedDurationTest -->
  <testcase name="ValidateAssetSourceTest" time="0.002" classname="com.amc.Testclasess.execute.WOP_MPComparisionTest"/>
  <testcase name="ValidateEpisodeNumberTest" time="0.002" classname="com.amc.Testclasess.execute.WOP_MPComparisionTest"/>
  <testcase name="ValidateAiringOrderTest" time="0.002" classname="com.amc.Testclasess.execute.WOP_MPComparisionTest"/>
  <testcase name="ValidateShowTypeTest" time="0.003" classname="com.amc.Testclasess.execute.WOP_MPComparisionTest"/>
  <testcase name="ValidateDistributorTest" time="0.002" classname="com.amc.Testclasess.execute.WOP_MPComparisionTest"/>
  <testcase name="ValidateSecurityStatusTest" time="0.002" classname="com.amc.Testclasess.execute.WOP_MPComparisionTest"/>
  <testcase name="ValidateEditRestrictedTest" time="0.002" classname="com.amc.Testclasess.execute.WOP_MPComparisionTest"/>
  <testcase name="ValidateOwnernetworkTest" time="0.002" classname="com.amc.Testclasess.execute.WOP_MPComparisionTest">
    <failure type="java.lang.AssertionError" message="The following asserts failed:
	Ownernetwork:WE --- Not Matched with --- [AssetSource:Original, Distributor:&quot;Film Garden Entertainment, Inc. 1&quot;, Title:Platinum Weddings: 04-006: Jaimie &amp; Gregg, AMCNID:RLA169547.2, ShowType:Series, ProductionMode:Unscripted, Origin:Owned, SecurityStatus:Open, EditRestricted:Non Restricted (NR), EpisodeVersionType:Open, Ownernetwork:Open, Supplier:Miramax, EpisodeNumber:04-006, AiringOrder:402, ExpectedDuration:00:30:00]">
      <![CDATA[java.lang.AssertionError: The following asserts failed:
Ownernetwork:WE --- Not Matched with --- [AssetSource:Original, Distributor:"Film Garden Entertainment, Inc. 1", Title:Platinum Weddings: 04-006: Jaimie & Gregg, AMCNID:RLA169547.2, ShowType:Series, ProductionMode:Unscripted, Origin:Owned, SecurityStatus:Open, EditRestricted:Non Restricted (NR), EpisodeVersionType:Open, Ownernetwork:Open, Supplier:Miramax, EpisodeNumber:04-006, AiringOrder:402, ExpectedDuration:00:30:00]
at org.testng.asserts.SoftAssert.assertAll(SoftAssert.java:43)
at com.amc.txrepo.WOP_MP_Comparision.WOPtoMPDataComparisions(WOP_MP_Comparision.java:82)
at com.amc.Testclasess.execute.WOP_MPComparisionTest.ValidateOwnernetworkTest(WOP_MPComparisionTest.java:144)
at sun.reflect.NativeMethodAccessorImpl.invoke0(Native Method)
at sun.reflect.NativeMethodAccessorImpl.invoke(NativeMethodAccessorImpl.java:62)
at sun.reflect.DelegatingMethodAccessorImpl.invoke(DelegatingMethodAccessorImpl.java:43)
at java.lang.reflect.Method.invoke(Method.java:498)
at org.testng.internal.MethodInvocationHelper.invokeMethod(MethodInvocationHelper.java:124)
at org.testng.internal.Invoker.invokeMethod(Invoker.java:583)
at org.testng.internal.Invoker.invokeTestMethod(Invoker.java:719)
at org.testng.internal.Invoker.invokeTestMethods(Invoker.java:989)
at org.testng.internal.TestMethodWorker.invokeTestMethods(TestMethodWorker.java:125)
at org.testng.internal.TestMethodWorker.run(TestMethodWorker.java:109)
at org.testng.TestRunner.privateRun(TestRunner.java:648)
at org.testng.TestRunner.run(TestRunner.java:505)
at org.testng.SuiteRunner.runTest(SuiteRunner.java:455)
at org.testng.SuiteRunner.runSequentially(SuiteRunner.java:450)
at org.testng.SuiteRunner.privateRun(SuiteRunner.java:415)
at org.testng.SuiteRunner.run(SuiteRunner.java:364)
at org.testng.SuiteRunnerWorker.runSuite(SuiteRunnerWorker.java:52)
at org.testng.SuiteRunnerWorker.run(SuiteRunnerWorker.java:84)
at org.testng.TestNG.runSuitesSequentially(TestNG.java:1208)
at org.testng.TestNG.runSuitesLocally(TestNG.java:1137)
at org.testng.TestNG.runSuites(TestNG.java:1049)
at org.testng.TestNG.run(TestNG.java:1017)
at com.amc.testcases.DynamicTestNG.runTestNGTest(DynamicTestNG.java:87)
at com.amc.testcases.DynamicTestNG.ExecuteScripts(DynamicTestNG.java:97)
at sun.reflect.NativeMethodAccessorImpl.invoke0(Native Method)
at sun.reflect.NativeMethodAccessorImpl.invoke(NativeMethodAccessorImpl.java:62)
at sun.reflect.DelegatingMethodAccessorImpl.invoke(DelegatingMethodAccessorImpl.java:43)
at java.lang.reflect.Method.invoke(Method.java:498)
at org.testng.internal.MethodInvocationHelper.invokeMethod(MethodInvocationHelper.java:124)
at org.testng.internal.Invoker.invokeMethod(Invoker.java:583)
at org.testng.internal.Invoker.invokeTestMethod(Invoker.java:719)
at org.testng.internal.Invoker.invokeTestMethods(Invoker.java:989)
at org.testng.internal.TestMethodWorker.invokeTestMethods(TestMethodWorker.java:125)
at org.testng.internal.TestMethodWorker.run(TestMethodWorker.java:109)
at org.testng.TestRunner.privateRun(TestRunner.java:648)
at org.testng.TestRunner.run(TestRunner.java:505)
at org.testng.SuiteRunner.runTest(SuiteRunner.java:455)
at org.testng.SuiteRunner.runSequentially(SuiteRunner.java:450)
at org.testng.SuiteRunner.privateRun(SuiteRunner.java:415)
at org.testng.SuiteRunner.run(SuiteRunner.java:364)
at org.testng.SuiteRunnerWorker.runSuite(SuiteRunnerWorker.java:52)
at org.testng.SuiteRunnerWorker.run(SuiteRunnerWorker.java:84)
at org.testng.TestNG.runSuitesSequentially(TestNG.java:1208)
at org.testng.TestNG.runSuitesLocally(TestNG.java:1137)
at org.testng.TestNG.runSuites(TestNG.java:1049)
at org.testng.TestNG.run(TestNG.java:1017)
at org.apache.maven.surefire.testng.TestNGExecutor.run(TestNGExecutor.java:178)
at org.apache.maven.surefire.testng.TestNGXmlTestSuite.execute(TestNGXmlTestSuite.java:92)
at org.apache.maven.surefire.testng.TestNGProvider.invoke(TestNGProvider.java:96)
at sun.reflect.NativeMethodAccessorImpl.invoke0(Native Method)
at sun.reflect.NativeMethodAccessorImpl.invoke(NativeMethodAccessorImpl.java:62)
at sun.reflect.DelegatingMethodAccessorImpl.invoke(DelegatingMethodAccessorImpl.java:43)
at java.lang.reflect.Method.invoke(Method.java:498)
at org.apache.maven.surefire.util.ReflectionUtils.invokeMethodWithArray2(ReflectionUtils.java:208)
at org.apache.maven.surefire.booter.ProviderFactory$ProviderProxy.invoke(ProviderFactory.java:159)
at org.apache.maven.surefire.booter.ProviderFactory.invokeProvider(ProviderFactory.java:87)
at org.apache.maven.surefire.booter.ForkedBooter.runSuitesInProcess(ForkedBooter.java:153)
at org.apache.maven.surefire.booter.ForkedBooter.main(ForkedBooter.java:95)
]]>
    </failure>
  </testcase> <!-- ValidateOwnernetworkTest -->
  <testcase name="ValidateOriginTest" time="0.001" classname="com.amc.Testclasess.execute.WOP_MPComparisionTest"/>
  <testcase name="ValidateTitleTest" time="0.001" classname="com.amc.Testclasess.execute.WOP_MPComparisionTest"/>
  <testcase name="ValidateEpisodeVersionTypeTest" time="0.003" classname="com.amc.Testclasess.execute.WOP_MPComparisionTest">
    <failure type="java.lang.AssertionError" message="The following asserts failed:
	EpisodeVersionType:Platinum Weddings: 04-006: Jaimie &amp; Gregg --- Not Matched with --- [AssetSource:Original, Distributor:&quot;Film Garden Entertainment, Inc. 1&quot;, Title:Platinum Weddings: 04-006: Jaimie &amp; Gregg, AMCNID:RLA169547.2, ShowType:Series, ProductionMode:Unscripted, Origin:Owned, SecurityStatus:Open, EditRestricted:Non Restricted (NR), EpisodeVersionType:Open, Ownernetwork:Open, Supplier:Miramax, EpisodeNumber:04-006, AiringOrder:402, ExpectedDuration:00:30:00]">
      <![CDATA[java.lang.AssertionError: The following asserts failed:
EpisodeVersionType:Platinum Weddings: 04-006: Jaimie & Gregg --- Not Matched with --- [AssetSource:Original, Distributor:"Film Garden Entertainment, Inc. 1", Title:Platinum Weddings: 04-006: Jaimie & Gregg, AMCNID:RLA169547.2, ShowType:Series, ProductionMode:Unscripted, Origin:Owned, SecurityStatus:Open, EditRestricted:Non Restricted (NR), EpisodeVersionType:Open, Ownernetwork:Open, Supplier:Miramax, EpisodeNumber:04-006, AiringOrder:402, ExpectedDuration:00:30:00]
at org.testng.asserts.SoftAssert.assertAll(SoftAssert.java:43)
at com.amc.txrepo.WOP_MP_Comparision.WOPtoMPDataComparisions(WOP_MP_Comparision.java:82)
at com.amc.Testclasess.execute.WOP_MPComparisionTest.ValidateEpisodeVersionTypeTest(WOP_MPComparisionTest.java:183)
at sun.reflect.NativeMethodAccessorImpl.invoke0(Native Method)
at sun.reflect.NativeMethodAccessorImpl.invoke(NativeMethodAccessorImpl.java:62)
at sun.reflect.DelegatingMethodAccessorImpl.invoke(DelegatingMethodAccessorImpl.java:43)
at java.lang.reflect.Method.invoke(Method.java:498)
at org.testng.internal.MethodInvocationHelper.invokeMethod(MethodInvocationHelper.java:124)
at org.testng.internal.Invoker.invokeMethod(Invoker.java:583)
at org.testng.internal.Invoker.invokeTestMethod(Invoker.java:719)
at org.testng.internal.Invoker.invokeTestMethods(Invoker.java:989)
at org.testng.internal.TestMethodWorker.invokeTestMethods(TestMethodWorker.java:125)
at org.testng.internal.TestMethodWorker.run(TestMethodWorker.java:109)
at org.testng.TestRunner.privateRun(TestRunner.java:648)
at org.testng.TestRunner.run(TestRunner.java:505)
at org.testng.SuiteRunner.runTest(SuiteRunner.java:455)
at org.testng.SuiteRunner.runSequentially(SuiteRunner.java:450)
at org.testng.SuiteRunner.privateRun(SuiteRunner.java:415)
at org.testng.SuiteRunner.run(SuiteRunner.java:364)
at org.testng.SuiteRunnerWorker.runSuite(SuiteRunnerWorker.java:52)
at org.testng.SuiteRunnerWorker.run(SuiteRunnerWorker.java:84)
at org.testng.TestNG.runSuitesSequentially(TestNG.java:1208)
at org.testng.TestNG.runSuitesLocally(TestNG.java:1137)
at org.testng.TestNG.runSuites(TestNG.java:1049)
at org.testng.TestNG.run(TestNG.java:1017)
at com.amc.testcases.DynamicTestNG.runTestNGTest(DynamicTestNG.java:87)
at com.amc.testcases.DynamicTestNG.ExecuteScripts(DynamicTestNG.java:97)
at sun.reflect.NativeMethodAccessorImpl.invoke0(Native Method)
at sun.reflect.NativeMethodAccessorImpl.invoke(NativeMethodAccessorImpl.java:62)
at sun.reflect.DelegatingMethodAccessorImpl.invoke(DelegatingMethodAccessorImpl.java:43)
at java.lang.reflect.Method.invoke(Method.java:498)
at org.testng.internal.MethodInvocationHelper.invokeMethod(MethodInvocationHelper.java:124)
at org.testng.internal.Invoker.invokeMethod(Invoker.java:583)
at org.testng.internal.Invoker.invokeTestMethod(Invoker.java:719)
at org.testng.internal.Invoker.invokeTestMethods(Invoker.java:989)
at org.testng.internal.TestMethodWorker.invokeTestMethods(TestMethodWorker.java:125)
at org.testng.internal.TestMethodWorker.run(TestMethodWorker.java:109)
at org.testng.TestRunner.privateRun(TestRunner.java:648)
at org.testng.TestRunner.run(TestRunner.java:505)
at org.testng.SuiteRunner.runTest(SuiteRunner.java:455)
at org.testng.SuiteRunner.runSequentially(SuiteRunner.java:450)
at org.testng.SuiteRunner.privateRun(SuiteRunner.java:415)
at org.testng.SuiteRunner.run(SuiteRunner.java:364)
at org.testng.SuiteRunnerWorker.runSuite(SuiteRunnerWorker.java:52)
at org.testng.SuiteRunnerWorker.run(SuiteRunnerWorker.java:84)
at org.testng.TestNG.runSuitesSequentially(TestNG.java:1208)
at org.testng.TestNG.runSuitesLocally(TestNG.java:1137)
at org.testng.TestNG.runSuites(TestNG.java:1049)
at org.testng.TestNG.run(TestNG.java:1017)
at org.apache.maven.surefire.testng.TestNGExecutor.run(TestNGExecutor.java:178)
at org.apache.maven.surefire.testng.TestNGXmlTestSuite.execute(TestNGXmlTestSuite.java:92)
at org.apache.maven.surefire.testng.TestNGProvider.invoke(TestNGProvider.java:96)
at sun.reflect.NativeMethodAccessorImpl.invoke0(Native Method)
at sun.reflect.NativeMethodAccessorImpl.invoke(NativeMethodAccessorImpl.java:62)
at sun.reflect.DelegatingMethodAccessorImpl.invoke(DelegatingMethodAccessorImpl.java:43)
at java.lang.reflect.Method.invoke(Method.java:498)
at org.apache.maven.surefire.util.ReflectionUtils.invokeMethodWithArray2(ReflectionUtils.java:208)
at org.apache.maven.surefire.booter.ProviderFactory$ProviderProxy.invoke(ProviderFactory.java:159)
at org.apache.maven.surefire.booter.ProviderFactory.invokeProvider(ProviderFactory.java:87)
at org.apache.maven.surefire.booter.ForkedBooter.runSuitesInProcess(ForkedBooter.java:153)
at org.apache.maven.surefire.booter.ForkedBooter.main(ForkedBooter.java:95)
]]>
    </failure>
  </testcase> <!-- ValidateEpisodeVersionTypeTest -->
  <testcase name="ValidateAMCNIDTest" time="0.003" classname="com.amc.Testclasess.execute.WOP_MPComparisionTest"/>
  <testcase name="ValidateSupplierTest" time="0.002" classname="com.amc.Testclasess.execute.WOP_MPComparisionTest"/>
</testsuite> <!-- com.amc.Testclasess.execute.WOP_MPComparisionTest -->
